#
# There is insufficient memory for the Java Runtime Environment to continue.
# Native memory allocation (malloc) failed to allocate 33472 bytes for Chunk::new
# Possible reasons:
#   The system is out of physical RAM or swap space
#   In 32 bit mode, the process size limit was hit
# Possible solutions:
#   Reduce memory load on the system
#   Increase physical memory or swap space
#   Check if swap backing store is full
#   Use 64 bit Java on a 64 bit OS
#   Decrease Java heap size (-Xmx/-Xms)
#   Decrease number of Java threads
#   Decrease Java thread stack sizes (-Xss)
#   Set larger code cache with -XX:ReservedCodeCacheSize=
# This output file may be truncated or incomplete.
#
#  Out of Memory Error (allocation.cpp:390), pid=16488, tid=0x000000000000047c
#
# JRE version: Java(TM) SE Runtime Environment (8.0_181-b13) (build 1.8.0_181-b13)
# Java VM: Java HotSpot(TM) 64-Bit Server VM (25.181-b13 mixed mode windows-amd64 compressed oops)
# Failed to write core dump. Minidumps are not enabled by default on client versions of Windows
#

---------------  T H R E A D  ---------------

Current thread (0x00000000198b5800):  JavaThread "C2 CompilerThread2" daemon [_thread_in_native, id=1148, stack(0x000000001a0e0000,0x000000001a1e0000)]

Stack: [0x000000001a0e0000,0x000000001a1e0000]
[error occurred during error reporting (printing stack bounds), id 0xc0000005]

Native frames: (J=compiled Java code, j=interpreted, Vv=VM code, C=native code)


Current CompileTask:
C2: 924764 3743       4       java.time.format.DateTimeFormatterBuilder::parsePattern (1086 bytes)


---------------  P R O C E S S  ---------------

Java Threads: ( => current thread )
  0x000000001acd7000 JavaThread "DestroyJavaVM" [_thread_blocked, id=17188, stack(0x0000000002520000,0x0000000002620000)]
  0x000000001acd6000 JavaThread "Prism Font Disposer" daemon [_thread_blocked, id=13220, stack(0x00000000275e0000,0x00000000276e0000)]
  0x000000001acd4000 JavaThread "Thread-6" [_thread_blocked, id=16520, stack(0x0000000023930000,0x0000000023a30000)]
  0x000000001acd4800 JavaThread "Thread-5" [_thread_blocked, id=16440, stack(0x0000000023830000,0x0000000023930000)]
  0x000000001a9ff000 JavaThread "Abandoned connection cleanup thread" daemon [_thread_blocked, id=15516, stack(0x0000000022560000,0x0000000022660000)]
  0x000000001a78f000 JavaThread "Thread-3" daemon [_thread_in_native, id=14952, stack(0x0000000021c60000,0x0000000021d60000)]
  0x000000001a703800 JavaThread "Thread-1" daemon [_thread_blocked, id=404, stack(0x000000001b1b0000,0x000000001b2b0000)]
  0x00000000198c6000 JavaThread "Service Thread" daemon [_thread_blocked, id=13520, stack(0x000000001a2e0000,0x000000001a3e0000)]
  0x00000000198c1800 JavaThread "C1 CompilerThread3" daemon [_thread_blocked, id=4752, stack(0x000000001a1e0000,0x000000001a2e0000)]
=>0x00000000198b5800 JavaThread "C2 CompilerThread2" daemon [_thread_in_native, id=1148, stack(0x000000001a0e0000,0x000000001a1e0000)]
  0x000000001988d800 JavaThread "C2 CompilerThread1" daemon [_thread_blocked, id=5748, stack(0x0000000019fe0000,0x000000001a0e0000)]
  0x000000001988c800 JavaThread "C2 CompilerThread0" daemon [_thread_blocked, id=14244, stack(0x0000000019ee0000,0x0000000019fe0000)]
  0x0000000019770800 JavaThread "Attach Listener" daemon [_thread_blocked, id=13228, stack(0x0000000019ce0000,0x0000000019de0000)]
  0x000000001971c000 JavaThread "Signal Dispatcher" daemon [_thread_blocked, id=1124, stack(0x0000000019be0000,0x0000000019ce0000)]
  0x0000000019700800 JavaThread "Finalizer" daemon [_thread_blocked, id=1244, stack(0x0000000019ae0000,0x0000000019be0000)]
  0x000000000290b000 JavaThread "Reference Handler" daemon [_thread_blocked, id=1504, stack(0x00000000195e0000,0x00000000196e0000)]

Other Threads:
  0x0000000017818800 VMThread [stack: 0x00000000194e0000,0x00000000195e0000] [id=15440]
  0x000000001998e000 WatcherThread [stack: 0x000000001a3e0000,0x000000001a4e0000] [id=2092]

VM state:not at safepoint (normal execution)

VM Mutex/Monitor currently owned by a thread: None

Heap:
 PSYoungGen      total 139776K, used 88440K [0x00000000d6180000, 0x00000000e4780000, 0x0000000100000000)
  eden space 102400K, 84% used [0x00000000d6180000,0x00000000db66c938,0x00000000dc580000)
  from space 37376K, 3% used [0x00000000dc580000,0x00000000dc6f1a90,0x00000000dea00000)
  to   space 35840K, 0% used [0x00000000e2480000,0x00000000e2480000,0x00000000e4780000)
 ParOldGen       total 183808K, used 96761K [0x0000000082400000, 0x000000008d780000, 0x00000000d6180000)
  object space 183808K, 52% used [0x0000000082400000,0x000000008827e780,0x000000008d780000)
 Metaspace       used 22208K, capacity 22918K, committed 23168K, reserved 1069056K
  class space    used 2702K, capacity 2882K, committed 2944K, reserved 1048576K

Card table byte_map: [0x0000000011cd0000,0x00000000120c0000] byte_map_base: 0x00000000118be000

Marking Bits: (ParMarkBitMap*) 0x00000000589d2d00
 Begin Bits: [0x0000000012b60000, 0x0000000014ad0000)
 End Bits:   [0x0000000014ad0000, 0x0000000016a40000)

Polling page: 0x0000000000520000

CodeCache: size=245760Kb used=10964Kb max_used=10976Kb free=234795Kb
 bounds [0x0000000002910000, 0x00000000033e0000, 0x0000000011910000]
 total_blobs=3985 nmethods=3252 adapters=643
 compilation: enabled

Compilation events (10 events):
Event: 911.714 Thread 0x00000000198c1800 nmethod 3737 0x00000000030aeb90 code [0x00000000030aed80, 0x00000000030af8c8]
Event: 911.714 Thread 0x00000000198c1800 3739   !   3       java.io.SequenceInputStream::<init> (51 bytes)
Event: 911.715 Thread 0x00000000198c1800 nmethod 3739 0x00000000030aad50 code [0x00000000030aaf40, 0x00000000030ab788]
Event: 913.751 Thread 0x00000000198b5800 3740       4       java.lang.Character::hashCode (8 bytes)
Event: 913.752 Thread 0x00000000198b5800 nmethod 3740 0x0000000002bf3cd0 code [0x0000000002bf3e00, 0x0000000002bf3e58]
Event: 919.754 Thread 0x000000001988c800 3741       4       java.time.format.DateTimeFormatterBuilder$NumberPrinterParser::format (365 bytes)
Event: 919.782 Thread 0x000000001988c800 nmethod 3741 0x00000000033d4810 code [0x00000000033d4b80, 0x00000000033d65e0]
Event: 921.759 Thread 0x000000001988d800 3742  s    4       java.util.Hashtable::get (69 bytes)
Event: 921.777 Thread 0x000000001988d800 nmethod 3742 0x00000000033d1f50 code [0x00000000033d20c0, 0x00000000033d2738]
Event: 924.756 Thread 0x00000000198b5800 3743       4       java.time.format.DateTimeFormatterBuilder::parsePattern (1086 bytes)

GC Heap History (10 events):
Event: 1.472 GC heap before
{Heap before GC invocations=5 (full 1):
 PSYoungGen      total 37888K, used 31047K [0x00000000d6180000, 0x00000000dab80000, 0x0000000100000000)
  eden space 32768K, 94% used [0x00000000d6180000,0x00000000d7fd1e50,0x00000000d8180000)
  from space 5120K, 0% used [0x00000000d8180000,0x00000000d8180000,0x00000000d8680000)
  to   space 5120K, 0% used [0x00000000da680000,0x00000000da680000,0x00000000dab80000)
 ParOldGen       total 130560K, used 54195K [0x0000000082400000, 0x000000008a380000, 0x00000000d6180000)
  object space 130560K, 41% used [0x0000000082400000,0x00000000858ecd80,0x000000008a380000)
 Metaspace       used 11763K, capacity 12188K, committed 12544K, reserved 1060864K
  class space    used 1553K, capacity 1679K, committed 1792K, reserved 1048576K
Event: 1.479 GC heap after
Heap after GC invocations=5 (full 1):
 PSYoungGen      total 60416K, used 713K [0x00000000d6180000, 0x00000000da780000, 0x0000000100000000)
  eden space 59392K, 0% used [0x00000000d6180000,0x00000000d6180000,0x00000000d9b80000)
  from space 1024K, 69% used [0x00000000da680000,0x00000000da732770,0x00000000da780000)
  to   space 5120K, 0% used [0x00000000d9d80000,0x00000000d9d80000,0x00000000da280000)
 ParOldGen       total 130560K, used 78503K [0x0000000082400000, 0x000000008a380000, 0x00000000d6180000)
  object space 130560K, 60% used [0x0000000082400000,0x00000000870a9db0,0x000000008a380000)
 Metaspace       used 11763K, capacity 12188K, committed 12544K, reserved 1060864K
  class space    used 1553K, capacity 1679K, committed 1792K, reserved 1048576K
}
Event: 2.482 GC heap before
{Heap before GC invocations=6 (full 1):
 PSYoungGen      total 60416K, used 60105K [0x00000000d6180000, 0x00000000da780000, 0x0000000100000000)
  eden space 59392K, 100% used [0x00000000d6180000,0x00000000d9b80000,0x00000000d9b80000)
  from space 1024K, 69% used [0x00000000da680000,0x00000000da732770,0x00000000da780000)
  to   space 5120K, 0% used [0x00000000d9d80000,0x00000000d9d80000,0x00000000da280000)
 ParOldGen       total 130560K, used 78503K [0x0000000082400000, 0x000000008a380000, 0x00000000d6180000)
  object space 130560K, 60% used [0x0000000082400000,0x00000000870a9db0,0x000000008a380000)
 Metaspace       used 20039K, capacity 20594K, committed 20736K, reserved 1067008K
  class space    used 2564K, capacity 2698K, committed 2816K, reserved 1048576K
Event: 2.491 GC heap after
Heap after GC invocations=6 (full 1):
 PSYoungGen      total 66560K, used 5088K [0x00000000d6180000, 0x00000000e1300000, 0x0000000100000000)
  eden space 61440K, 0% used [0x00000000d6180000,0x00000000d6180000,0x00000000d9d80000)
  from space 5120K, 99% used [0x00000000d9d80000,0x00000000da2781e0,0x00000000da280000)
  to   space 38400K, 0% used [0x00000000ded80000,0x00000000ded80000,0x00000000e1300000)
 ParOldGen       total 130560K, used 102074K [0x0000000082400000, 0x000000008a380000, 0x00000000d6180000)
  object space 130560K, 78% used [0x0000000082400000,0x00000000887aeb60,0x000000008a380000)
 Metaspace       used 20039K, capacity 20594K, committed 20736K, reserved 1067008K
  class space    used 2564K, capacity 2698K, committed 2816K, reserved 1048576K
}
Event: 2.491 GC heap before
{Heap before GC invocations=7 (full 2):
 PSYoungGen      total 66560K, used 5088K [0x00000000d6180000, 0x00000000e1300000, 0x0000000100000000)
  eden space 61440K, 0% used [0x00000000d6180000,0x00000000d6180000,0x00000000d9d80000)
  from space 5120K, 99% used [0x00000000d9d80000,0x00000000da2781e0,0x00000000da280000)
  to   space 38400K, 0% used [0x00000000ded80000,0x00000000ded80000,0x00000000e1300000)
 ParOldGen       total 130560K, used 102074K [0x0000000082400000, 0x000000008a380000, 0x00000000d6180000)
  object space 130560K, 78% used [0x0000000082400000,0x00000000887aeb60,0x000000008a380000)
 Metaspace       used 20039K, capacity 20594K, committed 20736K, reserved 1067008K
  class space    used 2564K, capacity 2698K, committed 2816K, reserved 1048576K
Event: 2.528 GC heap after
Heap after GC invocations=7 (full 2):
 PSYoungGen      total 66560K, used 0K [0x00000000d6180000, 0x00000000e1300000, 0x0000000100000000)
  eden space 61440K, 0% used [0x00000000d6180000,0x00000000d6180000,0x00000000d9d80000)
  from space 5120K, 0% used [0x00000000d9d80000,0x00000000d9d80000,0x00000000da280000)
  to   space 38400K, 0% used [0x00000000ded80000,0x00000000ded80000,0x00000000e1300000)
 ParOldGen       total 183808K, used 96745K [0x0000000082400000, 0x000000008d780000, 0x00000000d6180000)
  object space 183808K, 52% used [0x0000000082400000,0x000000008827a780,0x000000008d780000)
 Metaspace       used 20039K, capacity 20594K, committed 20736K, reserved 1067008K
  class space    used 2564K, capacity 2698K, committed 2816K, reserved 1048576K
}
Event: 192.985 GC heap before
{Heap before GC invocations=8 (full 2):
 PSYoungGen      total 66560K, used 61214K [0x00000000d6180000, 0x00000000e1300000, 0x0000000100000000)
  eden space 61440K, 99% used [0x00000000d6180000,0x00000000d9d47a78,0x00000000d9d80000)
  from space 5120K, 0% used [0x00000000d9d80000,0x00000000d9d80000,0x00000000da280000)
  to   space 38400K, 0% used [0x00000000ded80000,0x00000000ded80000,0x00000000e1300000)
 ParOldGen       total 183808K, used 96745K [0x0000000082400000, 0x000000008d780000, 0x00000000d6180000)
  object space 183808K, 52% used [0x0000000082400000,0x000000008827a780,0x000000008d780000)
 Metaspace       used 21911K, capacity 22612K, committed 22912K, reserved 1069056K
  class space    used 2695K, capacity 2871K, committed 2944K, reserved 1048576K
Event: 192.987 GC heap after
Heap after GC invocations=8 (full 2):
 PSYoungGen      total 136192K, used 1222K [0x00000000d6180000, 0x00000000e0e80000, 0x0000000100000000)
  eden space 102400K, 0% used [0x00000000d6180000,0x00000000d6180000,0x00000000dc580000)
  from space 33792K, 3% used [0x00000000ded80000,0x00000000deeb1a90,0x00000000e0e80000)
  to   space 37376K, 0% used [0x00000000dc580000,0x00000000dc580000,0x00000000dea00000)
 ParOldGen       total 183808K, used 96753K [0x0000000082400000, 0x000000008d780000, 0x00000000d6180000)
  object space 183808K, 52% used [0x0000000082400000,0x000000008827c780,0x000000008d780000)
 Metaspace       used 21911K, capacity 22612K, committed 22912K, reserved 1069056K
  class space    used 2695K, capacity 2871K, committed 2944K, reserved 1048576K
}
Event: 532.215 GC heap before
{Heap before GC invocations=9 (full 2):
 PSYoungGen      total 136192K, used 103622K [0x00000000d6180000, 0x00000000e0e80000, 0x0000000100000000)
  eden space 102400K, 100% used [0x00000000d6180000,0x00000000dc580000,0x00000000dc580000)
  from space 33792K, 3% used [0x00000000ded80000,0x00000000deeb1a90,0x00000000e0e80000)
  to   space 37376K, 0% used [0x00000000dc580000,0x00000000dc580000,0x00000000dea00000)
 ParOldGen       total 183808K, used 96753K [0x0000000082400000, 0x000000008d780000, 0x00000000d6180000)
  object space 183808K, 52% used [0x0000000082400000,0x000000008827c780,0x000000008d780000)
 Metaspace       used 22165K, capacity 22868K, committed 23168K, reserved 1069056K
  class space    used 2696K, capacity 2871K, committed 2944K, reserved 1048576K
Event: 532.224 GC heap after
Heap after GC invocations=9 (full 2):
 PSYoungGen      total 139776K, used 1478K [0x00000000d6180000, 0x00000000e4780000, 0x0000000100000000)
  eden space 102400K, 0% used [0x00000000d6180000,0x00000000d6180000,0x00000000dc580000)
  from space 37376K, 3% used [0x00000000dc580000,0x00000000dc6f1a90,0x00000000dea00000)
  to   space 35840K, 0% used [0x00000000e2480000,0x00000000e2480000,0x00000000e4780000)
 ParOldGen       total 183808K, used 96761K [0x0000000082400000, 0x000000008d780000, 0x00000000d6180000)
  object space 183808K, 52% used [0x0000000082400000,0x000000008827e780,0x000000008d780000)
 Metaspace       used 22165K, capacity 22868K, committed 23168K, reserved 1069056K
  class space    used 2696K, capacity 2871K, committed 2944K, reserved 1048576K
}

Deoptimization events (10 events):
Event: 539.334 Thread 0x000000001a6bb000 Uncommon trap: reason=class_check action=maybe_recompile pc=0x00000000033ba134 method=java.util.concurrent.ThreadPoolExecutor.getTask()Ljava/lang/Runnable; @ 154
Event: 539.334 Thread 0x000000001a6bb000 Uncommon trap: reason=unstable_if action=reinterpret pc=0x00000000033bc5f0 method=com.sun.javafx.tk.quantum.SceneState.isValid()Z @ 25
Event: 539.334 Thread 0x000000001a6bb000 Uncommon trap: reason=class_check action=maybe_recompile pc=0x00000000030eed84 method=com.sun.javafx.tk.RenderJob.run()V @ 91
Event: 539.343 Thread 0x000000001a704800 Uncommon trap: reason=null_check action=make_not_entrant pc=0x00000000032de5e8 method=com.sun.javafx.tk.quantum.GlassScene.getClearColor()Lcom/sun/prism/paint/Color; @ 4
Event: 539.344 Thread 0x000000001a6bb000 Uncommon trap: reason=class_check action=maybe_recompile pc=0x00000000033ba134 method=java.util.concurrent.ThreadPoolExecutor.getTask()Ljava/lang/Runnable; @ 154
Event: 539.344 Thread 0x000000001a6bb000 Uncommon trap: reason=class_check action=maybe_recompile pc=0x00000000030eed74 method=java.util.concurrent.Executors$RunnableAdapter.call()Ljava/lang/Object; @ 4
Event: 539.352 Thread 0x000000001a704800 Uncommon trap: reason=unstable_if action=reinterpret pc=0x0000000002af1208 method=java.util.concurrent.CountDownLatch$Sync.tryReleaseShared(I)Z @ 6
Event: 539.364 Thread 0x000000001a704800 Uncommon trap: reason=unstable_if action=reinterpret pc=0x0000000002a33f14 method=java.util.concurrent.locks.ReentrantLock$NonfairSync.lock()V @ 6
Event: 539.364 Thread 0x000000001a704800 Uncommon trap: reason=unstable_if action=reinterpret pc=0x000000000319c340 method=java.util.concurrent.locks.ReentrantLock$Sync.tryRelease(I)Z @ 28
Event: 539.364 Thread 0x000000001a6bb000 Uncommon trap: reason=unstable_if action=reinterpret pc=0x00000000033ba028 method=java.util.concurrent.locks.AbstractQueuedSynchronizer$ConditionObject.checkInterruptWhileWaiting(Ljava/util/concurrent/locks/AbstractQueuedSynchronizer$Node;)I @ 3

Classes redefined (0 events):
No events

Internal exceptions (10 events):
Event: 1.843 Thread 0x000000001a704800 Exception <a 'java/lang/ArrayIndexOutOfBoundsException'> (0x00000000d83bf290) thrown at [C:\re\workspace\8-2-build-windows-amd64-cygwin\jdk8u181\11358\hotspot\src\share\vm\runtime\sharedRuntime.cpp, line 605]
Event: 1.843 Thread 0x000000001a704800 Exception <a 'java/lang/ArrayIndexOutOfBoundsException'> (0x00000000d83c0690) thrown at [C:\re\workspace\8-2-build-windows-amd64-cygwin\jdk8u181\11358\hotspot\src\share\vm\runtime\sharedRuntime.cpp, line 605]
Event: 1.853 Thread 0x000000001a704800 Implicit null exception at 0x0000000002b82fd6 to 0x0000000002b83371
Event: 2.205 Thread 0x000000001a704800 Implicit null exception at 0x0000000002c2db35 to 0x0000000002c2dd51
Event: 2.205 Thread 0x000000001a704800 Implicit null exception at 0x0000000002cd7e7b to 0x0000000002cd84dd
Event: 2.316 Thread 0x000000001a704800 Exception <a 'java/io/FileNotFoundException'> (0x00000000d9553598) thrown at [C:\re\workspace\8-2-build-windows-amd64-cygwin\jdk8u181\11358\hotspot\src\share\vm\prims\jni.cpp, line 709]
Event: 2.408 Thread 0x000000001a704800 Implicit null exception at 0x0000000002db7ae6 to 0x0000000002db7b31
Event: 539.333 Thread 0x000000001a704800 Implicit null exception at 0x0000000002a8aa1b to 0x0000000002a8aac1
Event: 539.333 Thread 0x000000001a704800 Implicit null exception at 0x0000000002c10f13 to 0x0000000002c10fad
Event: 539.343 Thread 0x000000001a704800 Implicit null exception at 0x00000000032de02f to 0x00000000032de5d5

Events (10 events):
Event: 630.615 Thread 0x00000000198c1800 flushing nmethod 0x000000000306f1d0
Event: 630.615 Thread 0x00000000198c1800 flushing nmethod 0x000000000308b990
Event: 630.615 Thread 0x00000000198c1800 flushing nmethod 0x00000000030a93d0
Event: 632.632 Thread 0x00000000198b5800 flushing nmethod 0x0000000003116c50
Event: 632.634 Thread 0x00000000198b5800 flushing nmethod 0x0000000003130090
Event: 632.635 Thread 0x00000000198b5800 flushing nmethod 0x000000000316bb10
Event: 641.602 Thread 0x00000000198c1800 flushing nmethod 0x00000000031afdd0
Event: 641.603 Thread 0x00000000198c1800 flushing nmethod 0x00000000032845d0
Event: 672.743 Thread 0x000000001acd4800 DEOPT PACKING pc=0x0000000002f85c20 sp=0x000000002392ec70
Event: 672.743 Thread 0x000000001acd4800 DEOPT UNPACKING pc=0x0000000002957890 sp=0x000000002392e9e0 mode 0


Dynamic libraries:
0x00007ff6f7150000 - 0x00007ff6f7187000 	C:\Program Files\Java\jdk1.8.0_181\bin\java.exe
0x00007ffcd4280000 - 0x00007ffcd4461000 	C:\WINDOWS\SYSTEM32\ntdll.dll
0x00007ffcd19f0000 - 0x00007ffcd1aa2000 	C:\WINDOWS\System32\KERNEL32.DLL
0x00007ffcd0a90000 - 0x00007ffcd0d03000 	C:\WINDOWS\System32\KERNELBASE.dll
0x00007ffcd1870000 - 0x00007ffcd1911000 	C:\WINDOWS\System32\ADVAPI32.dll
0x00007ffcd1fe0000 - 0x00007ffcd207e000 	C:\WINDOWS\System32\msvcrt.dll
0x00007ffcd3f30000 - 0x00007ffcd3f8b000 	C:\WINDOWS\System32\sechost.dll
0x00007ffcd2950000 - 0x00007ffcd2a74000 	C:\WINDOWS\System32\RPCRT4.dll
0x00007ffcd3f90000 - 0x00007ffcd4120000 	C:\WINDOWS\System32\USER32.dll
0x00007ffcd1550000 - 0x00007ffcd1570000 	C:\WINDOWS\System32\win32u.dll
0x00007ffcd1920000 - 0x00007ffcd1948000 	C:\WINDOWS\System32\GDI32.dll
0x00007ffcd06b0000 - 0x00007ffcd0842000 	C:\WINDOWS\System32\gdi32full.dll
0x00007ffcd1670000 - 0x00007ffcd170f000 	C:\WINDOWS\System32\msvcp_win.dll
0x00007ffcd1570000 - 0x00007ffcd166a000 	C:\WINDOWS\System32\ucrtbase.dll
0x00007ffcc2cf0000 - 0x00007ffcc2f59000 	C:\WINDOWS\WinSxS\amd64_microsoft.windows.common-controls_6595b64144ccf1df_6.0.17134.472_none_fb3f9af53068156d\COMCTL32.dll
0x00007ffcd25c0000 - 0x00007ffcd28e2000 	C:\WINDOWS\System32\combase.dll
0x00007ffcd0dc0000 - 0x00007ffcd0e3a000 	C:\WINDOWS\System32\bcryptPrimitives.dll
0x00007ffcd1fb0000 - 0x00007ffcd1fdd000 	C:\WINDOWS\System32\IMM32.DLL
0x0000000058a60000 - 0x0000000058b32000 	C:\Program Files\Java\jdk1.8.0_181\jre\bin\msvcr100.dll
0x00000000581b0000 - 0x0000000058a52000 	C:\Program Files\Java\jdk1.8.0_181\jre\bin\server\jvm.dll
0x00007ffcd1cc0000 - 0x00007ffcd1cc8000 	C:\WINDOWS\System32\PSAPI.DLL
0x00007ffcce050000 - 0x00007ffcce073000 	C:\WINDOWS\SYSTEM32\WINMM.dll
0x00007ffcc9590000 - 0x00007ffcc959a000 	C:\WINDOWS\SYSTEM32\VERSION.dll
0x00007ffcbd240000 - 0x00007ffcbd249000 	C:\WINDOWS\SYSTEM32\WSOCK32.dll
0x00007ffcd2a80000 - 0x00007ffcd2aec000 	C:\WINDOWS\System32\WS2_32.dll
0x00007ffccdbe0000 - 0x00007ffccdc0a000 	C:\WINDOWS\SYSTEM32\winmmbase.dll
0x00007ffcd0a40000 - 0x00007ffcd0a89000 	C:\WINDOWS\System32\cfgmgr32.dll
0x00000000581a0000 - 0x00000000581af000 	C:\Program Files\Java\jdk1.8.0_181\jre\bin\verify.dll
0x0000000058170000 - 0x0000000058199000 	C:\Program Files\Java\jdk1.8.0_181\jre\bin\java.dll
0x0000000058120000 - 0x0000000058143000 	C:\Program Files\Java\jdk1.8.0_181\jre\bin\instrument.dll
0x0000000058150000 - 0x0000000058166000 	C:\Program Files\Java\jdk1.8.0_181\jre\bin\zip.dll
0x00007ffcd2af0000 - 0x00007ffcd3f30000 	C:\WINDOWS\System32\SHELL32.dll
0x00007ffcd4120000 - 0x00007ffcd41c9000 	C:\WINDOWS\System32\shcore.dll
0x00007ffcd0e40000 - 0x00007ffcd154d000 	C:\WINDOWS\System32\windows.storage.dll
0x00007ffcd1f30000 - 0x00007ffcd1f81000 	C:\WINDOWS\System32\shlwapi.dll
0x00007ffcd0590000 - 0x00007ffcd05a1000 	C:\WINDOWS\System32\kernel.appcore.dll
0x00007ffcd05d0000 - 0x00007ffcd05ef000 	C:\WINDOWS\System32\profapi.dll
0x00007ffcd05f0000 - 0x00007ffcd063c000 	C:\WINDOWS\System32\powrprof.dll
0x00007ffcd0640000 - 0x00007ffcd064a000 	C:\WINDOWS\System32\FLTLIB.DLL
0x00007ffcb7bb0000 - 0x00007ffcb7bca000 	F:\IntelliJ IDEA 2018.2.5\bin\breakgen64.dll
0x0000000058010000 - 0x000000005802a000 	C:\Program Files\Java\jdk1.8.0_181\jre\bin\net.dll
0x00007ffccfe10000 - 0x00007ffccfe76000 	C:\WINDOWS\system32\mswsock.dll
0x0000000002660000 - 0x0000000002663000 	C:\Program Files\Java\jdk1.8.0_181\jre\bin\api-ms-win-core-console-l1-1-0.dll
0x0000000002670000 - 0x0000000002673000 	C:\Program Files\Java\jdk1.8.0_181\jre\bin\api-ms-win-core-datetime-l1-1-0.dll
0x00000000027f0000 - 0x00000000027f3000 	C:\Program Files\Java\jdk1.8.0_181\jre\bin\api-ms-win-core-debug-l1-1-0.dll
0x000000001ace0000 - 0x000000001ace3000 	C:\Program Files\Java\jdk1.8.0_181\jre\bin\api-ms-win-core-errorhandling-l1-1-0.dll
0x000000001acf0000 - 0x000000001acf4000 	C:\Program Files\Java\jdk1.8.0_181\jre\bin\api-ms-win-core-file-l1-1-0.dll
0x000000001ad00000 - 0x000000001ad03000 	C:\Program Files\Java\jdk1.8.0_181\jre\bin\api-ms-win-core-file-l1-2-0.dll
0x000000001ad10000 - 0x000000001ad13000 	C:\Program Files\Java\jdk1.8.0_181\jre\bin\api-ms-win-core-file-l2-1-0.dll
0x000000001ad20000 - 0x000000001ad23000 	C:\Program Files\Java\jdk1.8.0_181\jre\bin\api-ms-win-core-handle-l1-1-0.dll
0x000000001ad30000 - 0x000000001ad33000 	C:\Program Files\Java\jdk1.8.0_181\jre\bin\api-ms-win-core-heap-l1-1-0.dll
0x000000001ad40000 - 0x000000001ad43000 	C:\Program Files\Java\jdk1.8.0_181\jre\bin\api-ms-win-core-interlocked-l1-1-0.dll
0x000000001ad50000 - 0x000000001ad53000 	C:\Program Files\Java\jdk1.8.0_181\jre\bin\api-ms-win-core-libraryloader-l1-1-0.dll
0x000000001ad60000 - 0x000000001ad63000 	C:\Program Files\Java\jdk1.8.0_181\jre\bin\api-ms-win-core-localization-l1-2-0.dll
0x000000001ad70000 - 0x000000001ad73000 	C:\Program Files\Java\jdk1.8.0_181\jre\bin\api-ms-win-core-memory-l1-1-0.dll
0x000000001ad80000 - 0x000000001ad83000 	C:\Program Files\Java\jdk1.8.0_181\jre\bin\api-ms-win-core-namedpipe-l1-1-0.dll
0x000000001ad90000 - 0x000000001ad93000 	C:\Program Files\Java\jdk1.8.0_181\jre\bin\api-ms-win-core-processenvironment-l1-1-0.dll
0x000000001ada0000 - 0x000000001ada3000 	C:\Program Files\Java\jdk1.8.0_181\jre\bin\api-ms-win-core-processthreads-l1-1-0.dll
0x000000001adb0000 - 0x000000001adb3000 	C:\Program Files\Java\jdk1.8.0_181\jre\bin\api-ms-win-core-processthreads-l1-1-1.dll
0x000000001adc0000 - 0x000000001adc3000 	C:\Program Files\Java\jdk1.8.0_181\jre\bin\api-ms-win-core-profile-l1-1-0.dll
0x000000001add0000 - 0x000000001add3000 	C:\Program Files\Java\jdk1.8.0_181\jre\bin\api-ms-win-core-rtlsupport-l1-1-0.dll
0x000000001ade0000 - 0x000000001ade3000 	C:\Program Files\Java\jdk1.8.0_181\jre\bin\api-ms-win-core-string-l1-1-0.dll
0x000000001adf0000 - 0x000000001adf3000 	C:\Program Files\Java\jdk1.8.0_181\jre\bin\api-ms-win-core-synch-l1-1-0.dll
0x000000001ae00000 - 0x000000001ae03000 	C:\Program Files\Java\jdk1.8.0_181\jre\bin\api-ms-win-core-synch-l1-2-0.dll
0x000000001ae10000 - 0x000000001ae13000 	C:\Program Files\Java\jdk1.8.0_181\jre\bin\api-ms-win-core-sysinfo-l1-1-0.dll
0x000000001ae20000 - 0x000000001ae23000 	C:\Program Files\Java\jdk1.8.0_181\jre\bin\api-ms-win-core-timezone-l1-1-0.dll
0x000000001ae30000 - 0x000000001ae33000 	C:\Program Files\Java\jdk1.8.0_181\jre\bin\api-ms-win-core-util-l1-1-0.dll
0x000000001ae40000 - 0x000000001ae43000 	C:\Program Files\Java\jdk1.8.0_181\jre\bin\api-ms-win-crt-conio-l1-1-0.dll
0x000000001ae50000 - 0x000000001ae54000 	C:\Program Files\Java\jdk1.8.0_181\jre\bin\api-ms-win-crt-convert-l1-1-0.dll
0x000000001ae60000 - 0x000000001ae63000 	C:\Program Files\Java\jdk1.8.0_181\jre\bin\api-ms-win-crt-environment-l1-1-0.dll
0x000000001ae70000 - 0x000000001ae73000 	C:\Program Files\Java\jdk1.8.0_181\jre\bin\api-ms-win-crt-filesystem-l1-1-0.dll
0x000000001ae80000 - 0x000000001ae83000 	C:\Program Files\Java\jdk1.8.0_181\jre\bin\api-ms-win-crt-heap-l1-1-0.dll
0x000000001ae90000 - 0x000000001ae93000 	C:\Program Files\Java\jdk1.8.0_181\jre\bin\api-ms-win-crt-locale-l1-1-0.dll
0x000000001aea0000 - 0x000000001aea5000 	C:\Program Files\Java\jdk1.8.0_181\jre\bin\api-ms-win-crt-math-l1-1-0.dll
0x000000001aeb0000 - 0x000000001aeb5000 	C:\Program Files\Java\jdk1.8.0_181\jre\bin\api-ms-win-crt-multibyte-l1-1-0.dll
0x000000001aec0000 - 0x000000001aed0000 	C:\Program Files\Java\jdk1.8.0_181\jre\bin\api-ms-win-crt-private-l1-1-0.dll
0x000000001aed0000 - 0x000000001aed3000 	C:\Program Files\Java\jdk1.8.0_181\jre\bin\api-ms-win-crt-process-l1-1-0.dll
0x000000001aee0000 - 0x000000001aee4000 	C:\Program Files\Java\jdk1.8.0_181\jre\bin\api-ms-win-crt-runtime-l1-1-0.dll
0x000000001aef0000 - 0x000000001aef4000 	C:\Program Files\Java\jdk1.8.0_181\jre\bin\api-ms-win-crt-stdio-l1-1-0.dll
0x000000001af00000 - 0x000000001af04000 	C:\Program Files\Java\jdk1.8.0_181\jre\bin\api-ms-win-crt-string-l1-1-0.dll
0x000000001af10000 - 0x000000001af13000 	C:\Program Files\Java\jdk1.8.0_181\jre\bin\api-ms-win-crt-time-l1-1-0.dll
0x000000001af20000 - 0x000000001af23000 	C:\Program Files\Java\jdk1.8.0_181\jre\bin\api-ms-win-crt-utility-l1-1-0.dll
0x00007ffcb6920000 - 0x00007ffcb6a16000 	C:\Program Files\Java\jdk1.8.0_181\jre\bin\ucrtbase.dll
0x00007ffcb77b0000 - 0x00007ffcb77c6000 	C:\Program Files\Java\jdk1.8.0_181\jre\bin\vcruntime140.dll
0x00007ffcb66e0000 - 0x00007ffcb677c000 	C:\Program Files\Java\jdk1.8.0_181\jre\bin\msvcp140.dll
0x00007ffcb6f20000 - 0x00007ffcb6f71000 	C:\Program Files\Java\jdk1.8.0_181\jre\bin\concrt140.dll
0x0000000057fc0000 - 0x0000000057fe3000 	C:\Program Files\Java\jdk1.8.0_181\jre\bin\prism_d3d.dll
0x00007ffcc8b30000 - 0x00007ffcc8cc7000 	C:\WINDOWS\system32\d3d9.dll
0x00007ffcce9b0000 - 0x00007ffcce9d9000 	C:\WINDOWS\SYSTEM32\dwmapi.dll
0x00007ffcce730000 - 0x00007ffcce7c8000 	C:\WINDOWS\system32\uxtheme.dll
0x00007ffc95140000 - 0x00007ffc98225000 	C:\WINDOWS\System32\DriverStore\FileRepository\igdlh64.inf_amd64_e2a368790e2879c5\igd9dxva64.dll
0x00007ffcd1710000 - 0x00007ffcd1861000 	C:\WINDOWS\System32\ole32.dll
0x00007ffcd1ce0000 - 0x00007ffcd1da2000 	C:\WINDOWS\System32\OLEAUT32.dll
0x0000000057f70000 - 0x0000000057fb9000 	C:\Program Files\Java\jdk1.8.0_181\jre\bin\glass.dll
0x00007ffcd2080000 - 0x00007ffcd216d000 	C:\WINDOWS\System32\COMDLG32.dll
0x00007ffcd1db0000 - 0x00007ffcd1f23000 	C:\WINDOWS\System32\MSCTF.dll
0x0000000057f50000 - 0x0000000057f64000 	C:\Program Files\Java\jdk1.8.0_181\jre\bin\javafx_font.dll
0x0000000057f20000 - 0x0000000057f43000 	C:\Program Files\Java\jdk1.8.0_181\jre\bin\javafx_iio.dll
0x00007ffccfbd0000 - 0x00007ffccfc8e000 	C:\WINDOWS\SYSTEM32\DNSAPI.dll
0x00007ffcd1c50000 - 0x00007ffcd1c58000 	C:\WINDOWS\System32\NSI.dll
0x00007ffccfb90000 - 0x00007ffccfbc8000 	C:\WINDOWS\SYSTEM32\IPHLPAPI.DLL
0x00007ffcc3a40000 - 0x00007ffcc3a4a000 	C:\Windows\System32\rasadhlp.dll
0x00007ffcc0fb0000 - 0x00007ffcc1022000 	C:\WINDOWS\System32\fwpuclnt.dll
0x00007ffcd00f0000 - 0x00007ffcd0115000 	C:\WINDOWS\SYSTEM32\bcrypt.dll
0x00007ffcc0a80000 - 0x00007ffcc0d9c000 	C:\WINDOWS\SYSTEM32\dwrite.dll
0x00007ffcd1950000 - 0x00007ffcd19f0000 	C:\WINDOWS\System32\clbcatq.dll
0x00007ffccadb0000 - 0x00007ffccaf5e000 	C:\WINDOWS\SYSTEM32\WindowsCodecs.dll
0x00007ffcac140000 - 0x00007ffcac198000 	C:\WINDOWS\system32\dataexchange.dll
0x00007ffccd620000 - 0x00007ffccd7bc000 	C:\WINDOWS\system32\dcomp.dll
0x00007ffcccd40000 - 0x00007ffccd04b000 	C:\WINDOWS\system32\d3d11.dll
0x00007ffccf350000 - 0x00007ffccf40b000 	C:\WINDOWS\system32\dxgi.dll
0x00007ffcceb10000 - 0x00007ffccecc8000 	C:\WINDOWS\system32\twinapi.appcore.dll
0x00007ffccea90000 - 0x00007ffcceab1000 	C:\WINDOWS\system32\RMCLIENT.dll
0x00007ffcc32a0000 - 0x00007ffcc3336000 	C:\WINDOWS\System32\TextInputFramework.dll
0x00007ffccdb00000 - 0x00007ffccdbda000 	C:\WINDOWS\System32\CoreMessaging.dll
0x00007ffcca050000 - 0x00007ffcca36e000 	C:\WINDOWS\System32\CoreUIComponents.dll
0x00007ffccf680000 - 0x00007ffccf6b1000 	C:\WINDOWS\SYSTEM32\ntmarta.dll
0x00007ffccbed0000 - 0x00007ffccc01d000 	C:\WINDOWS\SYSTEM32\wintypes.dll
0x00007ffcb12b0000 - 0x00007ffcb14b0000 	C:\WINDOWS\SYSTEM32\UIAutomationCore.DLL
0x00007ffcd03f0000 - 0x00007ffcd048a000 	C:\WINDOWS\SYSTEM32\sxs.dll

VM Arguments:
jvm_args: -javaagent:F:\IntelliJ IDEA 2018.2.5\lib\idea_rt.jar=50365:F:\IntelliJ IDEA 2018.2.5\bin -Dfile.encoding=UTF-8 
java_command: com.soft1841.sm.AdminMainAPP
java_class_path (initial): C:\Program Files\Java\jdk1.8.0_181\jre\lib\charsets.jar;C:\Program Files\Java\jdk1.8.0_181\jre\lib\deploy.jar;C:\Program Files\Java\jdk1.8.0_181\jre\lib\ext\access-bridge-64.jar;C:\Program Files\Java\jdk1.8.0_181\jre\lib\ext\cldrdata.jar;C:\Program Files\Java\jdk1.8.0_181\jre\lib\ext\dnsns.jar;C:\Program Files\Java\jdk1.8.0_181\jre\lib\ext\jaccess.jar;C:\Program Files\Java\jdk1.8.0_181\jre\lib\ext\jfxrt.jar;C:\Program Files\Java\jdk1.8.0_181\jre\lib\ext\localedata.jar;C:\Program Files\Java\jdk1.8.0_181\jre\lib\ext\nashorn.jar;C:\Program Files\Java\jdk1.8.0_181\jre\lib\ext\sunec.jar;C:\Program Files\Java\jdk1.8.0_181\jre\lib\ext\sunjce_provider.jar;C:\Program Files\Java\jdk1.8.0_181\jre\lib\ext\sunmscapi.jar;C:\Program Files\Java\jdk1.8.0_181\jre\lib\ext\sunpkcs11.jar;C:\Program Files\Java\jdk1.8.0_181\jre\lib\ext\zipfs.jar;C:\Program Files\Java\jdk1.8.0_181\jre\lib\javaws.jar;C:\Program Files\Java\jdk1.8.0_181\jre\lib\jce.jar;C:\Program Files\Java\jdk1.8.0_181\jre\lib\jfr.jar;C:\Program Files\Java\jdk1.8.0_181\jre\lib\jfxswt.jar;C:\Program Files\Java\jdk1.8.0_181\jre\lib\jsse.jar;C:\Program Files\Java\jdk1.8.0_181\jre\lib\management-agent.jar;C:\Program Files\Java\jdk1.8.0_181\jre\lib\plugin.jar;C:\Program Files\Java\jdk1.8.0_181\jre\lib\resources.jar;C:\Program Files\Java\jdk1.8.0_181\jre\lib\rt.jar;E:\shixun\target\classes;C:\Users\asus\.m2\repository\cn\hutool\hutool-all\4.2.1\hutool-all-4.2.1.jar;C:\Users\asus\.m2\repository\mysql\mysql-connector-java\5.1.38\mysql-connector-java-5.1.38.jar;C:\Users\asus\.m2\repository\org\apache\poi\poi-ooxml\3.17\poi-ooxml-3.17.jar;C:\Users\asus\.m2\repository\org\apache\poi\poi\3.17\poi-3.17.jar;C:\Users\asus\.m2\repository\commons-codec\commons-codec\1.10\commons-codec-1.10.jar;C:\Users\asus\.m2\repository\org\apache\commons\commons-collections4\4.1\commons-collections4-4.1.jar;C:\Users\asus\.m2\repository\org\apache\poi\poi-ooxml-schemas\3.17\poi-ooxml-schemas-3.17.jar;C:\Users\asus\.m2\repositor
Launcher Type: SUN_STANDARD

Environment Variables:
PATH=C:\Program Files (x86)\Common Files\Oracle\Java\javapath;C:\Program Files (x86)\Intel\Intel(R) Management Engine Components\iCLS\;C:\Program Files\Intel\Intel(R) Management Engine Components\iCLS\;C:\Windows\system32;C:\Windows;C:\Windows\System32\Wbem;C:\Windows\System32\WindowsPowerShell\v1.0\;C:\Program Files (x86)\Intel\Intel(R) Management Engine Components\DAL;C:\Program Files\Intel\Intel(R) Management Engine Components\DAL;C:\Program Files (x86)\Intel\Intel(R) Management Engine Components\IPT;C:\Program Files\Intel\Intel(R) Management Engine Components\IPT;C:\Program Files\Intel\WiFi\bin\;C:\Program Files\Common Files\Intel\WirelessCommon\;C:\Program Files (x86)\NVIDIA Corporation\PhysX\Common;C:\Program Files\Java\jdk1.8.0_181\bin;C:\WINDOWS\system32;C:\WINDOWS;C:\WINDOWS\System32\Wbem;C:\WINDOWS\System32\WindowsPowerShell\v1.0\;C:\WINDOWS\System32\OpenSSH\;C:\Program Files\Java\jdk1.8.0_181\bin;C:\Program Files (x86)\Microsoft SQL Server\100\Tools\Binn\;C:\Program Files\Microsoft SQL Server\100\Tools\Binn\;C:\Program Files\Microsoft SQL Server\100\DTS\Binn\;C:\Program Files (x86)\Microsoft SQL Server\100\Tools\Binn\VSShell\Common7\IDE\;C:\Program Files (x86)\Microsoft Visual Studio 9.0\Common7\IDE\PrivateAssemblies\;C:\Program Files (x86)\Microsoft SQL Server\100\DTS\Binn\;C:\Program Files (x86)\MySQL\MySQL Utilities 1.6\;C:\Program Files\Git\cmd;C:\Program Files\Git\bin;C:\Users\asus\AppData\Local\Programs\Python\Python37-32\Scripts\;C:\Users\asus\AppData\Local\Programs\Python\Python37-32\;C:\Users\asus\AppData\Local\Microsoft\WindowsApps;
USERNAME=asus
OS=Windows_NT
PROCESSOR_IDENTIFIER=Intel64 Family 6 Model 158 Stepping 10, GenuineIntel



---------------  S Y S T E M  ---------------

OS: Windows 10.0 , 64 bit Build 17134 (10.0.17134.1)

CPU:total 8 (initial active 8) (4 cores per cpu, 2 threads per core) family 6 model 158 stepping 10, cmov, cx8, fxsr, mmx, sse, sse2, sse3, ssse3, sse4.1, sse4.2, popcnt, avx, avx2, aes, clmul, erms, 3dnowpref, lzcnt, ht, tsc, tscinvbit, bmi1, bmi2, adx

Memory: 4k page, physical 8240828k(377344k free), swap 23628848k(1300k free)

vm_info: Java HotSpot(TM) 64-Bit Server VM (25.181-b13) for windows-amd64 JRE (1.8.0_181-b13), built on Jul  7 2018 04:01:33 by "java_re" with MS VC++ 10.0 (VS2010)

time: Tue Jan 01 08:02:10 2019
elapsed time: 924 seconds (0d 0h 15m 24s)

