#
# There is insufficient memory for the Java Runtime Environment to continue.
# Native memory allocation (malloc) failed to allocate 32744 bytes for ChunkPool::allocate
# Possible reasons:
#   The system is out of physical RAM or swap space
#   In 32 bit mode, the process size limit was hit
# Possible solutions:
#   Reduce memory load on the system
#   Increase physical memory or swap space
#   Check if swap backing store is full
#   Use 64 bit Java on a 64 bit OS
#   Decrease Java heap size (-Xmx/-Xms)
#   Decrease number of Java threads
#   Decrease Java thread stack sizes (-Xss)
#   Set larger code cache with -XX:ReservedCodeCacheSize=
# This output file may be truncated or incomplete.
#
#  Out of Memory Error (allocation.cpp:273), pid=17424, tid=0x0000000000004444
#
# JRE version: Java(TM) SE Runtime Environment (8.0_181-b13) (build 1.8.0_181-b13)
# Java VM: Java HotSpot(TM) 64-Bit Server VM (25.181-b13 mixed mode windows-amd64 compressed oops)
# Failed to write core dump. Minidumps are not enabled by default on client versions of Windows
#

---------------  T H R E A D  ---------------

Current thread (0x000000001a31c800):  JavaThread "C2 CompilerThread1" daemon [_thread_in_native, id=17476, stack(0x000000001aad0000,0x000000001abd0000)]

Stack: [0x000000001aad0000,0x000000001abd0000]
[error occurred during error reporting (printing stack bounds), id 0xc0000005]

Native frames: (J=compiled Java code, j=interpreted, Vv=VM code, C=native code)


Current CompileTask:
C2:   1128  827  s    4       sun.misc.URLClassPath::getNextLoader (88 bytes)


---------------  P R O C E S S  ---------------

Java Threads: ( => current thread )
  0x000000001b238800 JavaThread "Thread-3" daemon [_thread_in_native, id=7508, stack(0x0000000022750000,0x0000000022850000)]
  0x000000001b243800 JavaThread "JavaFX-Launcher" [_thread_blocked, id=17056, stack(0x0000000022950000,0x0000000022a50000)]
  0x000000001b207800 JavaThread "JavaFX Application Thread" [_thread_in_native, id=15520, stack(0x000000001bd60000,0x000000001be60000)]
  0x000000001b1f5000 JavaThread "Thread-1" daemon [_thread_blocked, id=436, stack(0x000000001bc60000,0x000000001bd60000)]
  0x000000001b1e8000 JavaThread "QuantumRenderer-0" daemon [_thread_blocked, id=5684, stack(0x000000001b9f0000,0x000000001baf0000)]
  0x000000001a355000 JavaThread "Service Thread" daemon [_thread_blocked, id=12864, stack(0x000000001add0000,0x000000001aed0000)]
  0x000000001a349800 JavaThread "C1 CompilerThread3" daemon [_thread_blocked, id=17472, stack(0x000000001acd0000,0x000000001add0000)]
  0x000000001a343800 JavaThread "C2 CompilerThread2" daemon [_thread_in_native, id=15588, stack(0x000000001abd0000,0x000000001acd0000)]
=>0x000000001a31c800 JavaThread "C2 CompilerThread1" daemon [_thread_in_native, id=17476, stack(0x000000001aad0000,0x000000001abd0000)]
  0x000000001a31b800 JavaThread "C2 CompilerThread0" daemon [_thread_blocked, id=14124, stack(0x000000001a9d0000,0x000000001aad0000)]
  0x000000001a319000 JavaThread "Monitor Ctrl-Break" daemon [_thread_in_native, id=16712, stack(0x000000001a8d0000,0x000000001a9d0000)]
  0x000000001a1a9000 JavaThread "Attach Listener" daemon [_thread_blocked, id=13572, stack(0x000000001a7d0000,0x000000001a8d0000)]
  0x000000001a200800 JavaThread "Signal Dispatcher" daemon [_thread_blocked, id=19432, stack(0x000000001a6d0000,0x000000001a7d0000)]
  0x000000001a190800 JavaThread "Finalizer" daemon [_thread_blocked, id=19388, stack(0x000000001a570000,0x000000001a670000)]
  0x000000000337b000 JavaThread "Reference Handler" daemon [_thread_blocked, id=19392, stack(0x000000001a070000,0x000000001a170000)]
  0x0000000003284000 JavaThread "main" [_thread_blocked, id=17616, stack(0x0000000003020000,0x0000000003120000)]

Other Threads:
  0x0000000018288800 VMThread [stack: 0x0000000019f70000,0x000000001a070000] [id=17672]
  0x000000001a384800 WatcherThread [stack: 0x000000001aed0000,0x000000001afd0000] [id=8692]

VM state:not at safepoint (normal execution)

VM Mutex/Monitor currently owned by a thread: None

Heap:
 PSYoungGen      total 37888K, used 30299K [0x00000000d6180000, 0x00000000dab80000, 0x0000000100000000)
  eden space 32768K, 92% used [0x00000000d6180000,0x00000000d7f16da0,0x00000000d8180000)
  from space 5120K, 0% used [0x00000000d8180000,0x00000000d8180000,0x00000000d8680000)
  to   space 5120K, 0% used [0x00000000da680000,0x00000000da680000,0x00000000dab80000)
 ParOldGen       total 86016K, used 54195K [0x0000000082400000, 0x0000000087800000, 0x00000000d6180000)
  object space 86016K, 63% used [0x0000000082400000,0x00000000858ecf48,0x0000000087800000)
 Metaspace       used 11673K, capacity 12094K, committed 12288K, reserved 1060864K
  class space    used 1532K, capacity 1674K, committed 1792K, reserved 1048576K

Card table byte_map: [0x0000000012740000,0x0000000012b30000] byte_map_base: 0x000000001232e000

Marking Bits: (ParMarkBitMap*) 0x00000000589d2d00
 Begin Bits: [0x00000000135d0000, 0x0000000015540000)
 End Bits:   [0x0000000015540000, 0x00000000174b0000)

Polling page: 0x0000000000bf0000

CodeCache: size=245760Kb used=3303Kb max_used=3314Kb free=242456Kb
 bounds [0x0000000003380000, 0x00000000036c0000, 0x0000000012380000]
 total_blobs=1299 nmethods=838 adapters=374
 compilation: enabled

Compilation events (10 events):
Event: 0.995 Thread 0x000000001a343800  828   !   4       sun.misc.URLClassPath$JarLoader::getResource (85 bytes)
Event: 0.996 Thread 0x000000001a349800  829       3       java.util.regex.Pattern::has (15 bytes)
Event: 0.996 Thread 0x000000001a349800 nmethod 829 0x000000000369f2d0 code [0x000000000369f420, 0x000000000369f5d0]
Event: 0.996 Thread 0x000000001a349800  831       3       com.sun.org.apache.xerces.internal.impl.XMLEntityScanner::skipChar (285 bytes)
Event: 0.997 Thread 0x000000001a349800 nmethod 831 0x00000000036a77d0 code [0x00000000036a79a0, 0x00000000036a80c8]
Event: 0.997 Thread 0x000000001a349800  832       3       com.sun.org.apache.xerces.internal.util.SymbolTable::addSymbol (110 bytes)
Event: 0.997 Thread 0x000000001a349800 nmethod 832 0x00000000036ac450 code [0x00000000036ac600, 0x00000000036acab8]
Event: 0.997 Thread 0x000000001a349800  835       3       sun.reflect.UTF8::utf8Length (81 bytes)
Event: 0.997 Thread 0x000000001a349800 nmethod 835 0x00000000036ab9d0 code [0x00000000036abb80, 0x00000000036ac1c8]
Event: 0.997 Thread 0x000000001a349800  836   !   3       sun.reflect.UTF8::encode (191 bytes)

GC Heap History (8 events):
Event: 0.578 GC heap before
{Heap before GC invocations=1 (full 0):
 PSYoungGen      total 37888K, used 26625K [0x00000000d6180000, 0x00000000d8b80000, 0x0000000100000000)
  eden space 32768K, 81% used [0x00000000d6180000,0x00000000d7b80450,0x00000000d8180000)
  from space 5120K, 0% used [0x00000000d8680000,0x00000000d8680000,0x00000000d8b80000)
  to   space 5120K, 0% used [0x00000000d8180000,0x00000000d8180000,0x00000000d8680000)
 ParOldGen       total 86016K, used 0K [0x0000000082400000, 0x0000000087800000, 0x00000000d6180000)
  object space 86016K, 0% used [0x0000000082400000,0x0000000082400000,0x0000000087800000)
 Metaspace       used 11198K, capacity 11582K, committed 11904K, reserved 1058816K
  class space    used 1463K, capacity 1568K, committed 1664K, reserved 1048576K
Event: 0.581 GC heap after
Heap after GC invocations=1 (full 0):
 PSYoungGen      total 37888K, used 3848K [0x00000000d6180000, 0x00000000d8b80000, 0x0000000100000000)
  eden space 32768K, 0% used [0x00000000d6180000,0x00000000d6180000,0x00000000d8180000)
  from space 5120K, 75% used [0x00000000d8180000,0x00000000d85421f8,0x00000000d8680000)
  to   space 5120K, 0% used [0x00000000d8680000,0x00000000d8680000,0x00000000d8b80000)
 ParOldGen       total 86016K, used 80K [0x0000000082400000, 0x0000000087800000, 0x00000000d6180000)
  object space 86016K, 0% used [0x0000000082400000,0x0000000082414010,0x0000000087800000)
 Metaspace       used 11198K, capacity 11582K, committed 11904K, reserved 1058816K
  class space    used 1463K, capacity 1568K, committed 1664K, reserved 1048576K
}
Event: 0.666 GC heap before
{Heap before GC invocations=2 (full 0):
 PSYoungGen      total 37888K, used 35036K [0x00000000d6180000, 0x00000000d8b80000, 0x0000000100000000)
  eden space 32768K, 95% used [0x00000000d6180000,0x00000000d7ff4fc8,0x00000000d8180000)
  from space 5120K, 75% used [0x00000000d8180000,0x00000000d85421f8,0x00000000d8680000)
  to   space 5120K, 0% used [0x00000000d8680000,0x00000000d8680000,0x00000000d8b80000)
 ParOldGen       total 86016K, used 80K [0x0000000082400000, 0x0000000087800000, 0x00000000d6180000)
  object space 86016K, 0% used [0x0000000082400000,0x0000000082414010,0x0000000087800000)
 Metaspace       used 11221K, capacity 11646K, committed 11904K, reserved 1058816K
  class space    used 1463K, capacity 1568K, committed 1664K, reserved 1048576K
Event: 0.681 GC heap after
Heap after GC invocations=2 (full 0):
 PSYoungGen      total 37888K, used 3668K [0x00000000d6180000, 0x00000000dab80000, 0x0000000100000000)
  eden space 32768K, 0% used [0x00000000d6180000,0x00000000d6180000,0x00000000d8180000)
  from space 5120K, 71% used [0x00000000d8680000,0x00000000d8a153e8,0x00000000d8b80000)
  to   space 5120K, 0% used [0x00000000d8180000,0x00000000d8180000,0x00000000d8680000)
 ParOldGen       total 86016K, used 26413K [0x0000000082400000, 0x0000000087800000, 0x00000000d6180000)
  object space 86016K, 30% used [0x0000000082400000,0x0000000083dcb450,0x0000000087800000)
 Metaspace       used 11221K, capacity 11646K, committed 11904K, reserved 1058816K
  class space    used 1463K, capacity 1568K, committed 1664K, reserved 1048576K
}
Event: 0.745 GC heap before
{Heap before GC invocations=3 (full 0):
 PSYoungGen      total 37888K, used 34585K [0x00000000d6180000, 0x00000000dab80000, 0x0000000100000000)
  eden space 32768K, 94% used [0x00000000d6180000,0x00000000d7fb13f8,0x00000000d8180000)
  from space 5120K, 71% used [0x00000000d8680000,0x00000000d8a153e8,0x00000000d8b80000)
  to   space 5120K, 0% used [0x00000000d8180000,0x00000000d8180000,0x00000000d8680000)
 ParOldGen       total 86016K, used 26413K [0x0000000082400000, 0x0000000087800000, 0x00000000d6180000)
  object space 86016K, 30% used [0x0000000082400000,0x0000000083dcb450,0x0000000087800000)
 Metaspace       used 11221K, capacity 11646K, committed 11904K, reserved 1058816K
  class space    used 1463K, capacity 1568K, committed 1664K, reserved 1048576K
Event: 0.753 GC heap after
Heap after GC invocations=3 (full 0):
 PSYoungGen      total 37888K, used 5109K [0x00000000d6180000, 0x00000000dab80000, 0x0000000100000000)
  eden space 32768K, 0% used [0x00000000d6180000,0x00000000d6180000,0x00000000d8180000)
  from space 5120K, 99% used [0x00000000d8180000,0x00000000d867d7f8,0x00000000d8680000)
  to   space 5120K, 0% used [0x00000000da680000,0x00000000da680000,0x00000000dab80000)
 ParOldGen       total 86016K, used 51221K [0x0000000082400000, 0x0000000087800000, 0x00000000d6180000)
  object space 86016K, 59% used [0x0000000082400000,0x0000000085605490,0x0000000087800000)
 Metaspace       used 11221K, capacity 11646K, committed 11904K, reserved 1058816K
  class space    used 1463K, capacity 1568K, committed 1664K, reserved 1048576K
}
Event: 0.753 GC heap before
{Heap before GC invocations=4 (full 1):
 PSYoungGen      total 37888K, used 5109K [0x00000000d6180000, 0x00000000dab80000, 0x0000000100000000)
  eden space 32768K, 0% used [0x00000000d6180000,0x00000000d6180000,0x00000000d8180000)
  from space 5120K, 99% used [0x00000000d8180000,0x00000000d867d7f8,0x00000000d8680000)
  to   space 5120K, 0% used [0x00000000da680000,0x00000000da680000,0x00000000dab80000)
 ParOldGen       total 86016K, used 51221K [0x0000000082400000, 0x0000000087800000, 0x00000000d6180000)
  object space 86016K, 59% used [0x0000000082400000,0x0000000085605490,0x0000000087800000)
 Metaspace       used 11221K, capacity 11646K, committed 11904K, reserved 1058816K
  class space    used 1463K, capacity 1568K, committed 1664K, reserved 1048576K
Event: 0.772 GC heap after
Heap after GC invocations=4 (full 1):
 PSYoungGen      total 37888K, used 0K [0x00000000d6180000, 0x00000000dab80000, 0x0000000100000000)
  eden space 32768K, 0% used [0x00000000d6180000,0x00000000d6180000,0x00000000d8180000)
  from space 5120K, 0% used [0x00000000d8180000,0x00000000d8180000,0x00000000d8680000)
  to   space 5120K, 0% used [0x00000000da680000,0x00000000da680000,0x00000000dab80000)
 ParOldGen       total 86016K, used 54195K [0x0000000082400000, 0x0000000087800000, 0x00000000d6180000)
  object space 86016K, 63% used [0x0000000082400000,0x00000000858ecf48,0x0000000087800000)
 Metaspace       used 11221K, capacity 11646K, committed 11904K, reserved 1058816K
  class space    used 1463K, capacity 1568K, committed 1664K, reserved 1048576K
}

Deoptimization events (10 events):
Event: 0.225 Thread 0x0000000003284000 Uncommon trap: reason=null_check action=make_not_entrant pc=0x0000000003494868 method=java.lang.String.equals(Ljava/lang/Object;)Z @ 8
Event: 0.415 Thread 0x000000001b207800 Uncommon trap: reason=unstable_if action=reinterpret pc=0x000000000353db4c method=java.lang.String.replace(CC)Ljava/lang/String; @ 26
Event: 0.499 Thread 0x000000001b207800 Uncommon trap: reason=unstable_if action=reinterpret pc=0x000000000356d7b0 method=java.lang.String.indexOf([CII[CIII)I @ 134
Event: 0.536 Thread 0x000000001b207800 Uncommon trap: reason=unstable_if action=reinterpret pc=0x000000000362112c method=java.io.BufferedInputStream.read()I @ 8
Event: 0.544 Thread 0x000000001b207800 Uncommon trap: reason=unstable_if action=reinterpret pc=0x00000000035efb9c method=java.util.HashMap.getNode(ILjava/lang/Object;)Ljava/util/HashMap$Node; @ 84
Event: 0.544 Thread 0x000000001b207800 Uncommon trap: reason=unstable_if action=reinterpret pc=0x00000000035e9750 method=java.util.HashMap.getNode(ILjava/lang/Object;)Ljava/util/HashMap$Node; @ 84
Event: 0.617 Thread 0x000000001b207800 Uncommon trap: reason=unstable_if action=reinterpret pc=0x000000000366acd8 method=com.sun.javafx.iio.gif.GIFImageLoader2.decodePalette([B[[BIIIIII)Ljava/nio/ByteBuffer; @ 32
Event: 0.686 Thread 0x000000001b207800 Uncommon trap: reason=unstable_if action=reinterpret pc=0x000000000367bab8 method=com.sun.javafx.iio.gif.GIFImageLoader2.restoreToBackground([BIIII)V @ 7
Event: 0.825 Thread 0x000000001b207800 Uncommon trap: reason=unstable_if action=reinterpret pc=0x0000000003685b48 method=com.sun.javafx.image.impl.ByteBgra$ToByteBgraPreConv.doConvert([BII[BIIII)V @ 31
Event: 0.836 Thread 0x000000001b207800 Uncommon trap: reason=unstable_if action=reinterpret pc=0x0000000003686dfc method=com.sun.javafx.image.impl.BaseByteToByteConverter$FourByteReorderer.doConvert([BII[BIIII)V @ 31

Classes redefined (0 events):
No events

Internal exceptions (10 events):
Event: 0.202 Thread 0x0000000003284000 Exception <a 'java/security/PrivilegedActionException'> (0x00000000d66f3f38) thrown at [C:\re\workspace\8-2-build-windows-amd64-cygwin\jdk8u181\11358\hotspot\src\share\vm\prims\jvm.cpp, line 1435]
Event: 0.203 Thread 0x0000000003284000 Exception <a 'java/security/PrivilegedActionException'> (0x00000000d66f4148) thrown at [C:\re\workspace\8-2-build-windows-amd64-cygwin\jdk8u181\11358\hotspot\src\share\vm\prims\jvm.cpp, line 1435]
Event: 0.203 Thread 0x0000000003284000 Exception <a 'java/lang/NullPointerException'> (0x00000000d66f4b50) thrown at [C:\re\workspace\8-2-build-windows-amd64-cygwin\jdk8u181\11358\hotspot\src\share\vm\interpreter\linkResolver.cpp, line 1185]
Event: 0.225 Thread 0x0000000003284000 Implicit null exception at 0x0000000003494695 to 0x0000000003494859
Event: 0.456 Thread 0x000000001b207800 Exception <a 'java/lang/NullPointerException'> (0x00000000d73b1888) thrown at [C:\re\workspace\8-2-build-windows-amd64-cygwin\jdk8u181\11358\hotspot\src\share\vm\interpreter\linkResolver.cpp, line 1185]
Event: 0.456 Thread 0x000000001b207800 Exception <a 'java/lang/NullPointerException'> (0x00000000d73b1888) thrown at [C:\re\workspace\8-2-build-windows-amd64-cygwin\jdk8u181\11358\hotspot\src\share\vm\prims\jvm.cpp, line 1439]
Event: 0.505 Thread 0x000000001b207800 Exception <a 'java/lang/ArrayIndexOutOfBoundsException'> (0x00000000d7674a08) thrown at [C:\re\workspace\8-2-build-windows-amd64-cygwin\jdk8u181\11358\hotspot\src\share\vm\runtime\sharedRuntime.cpp, line 605]
Event: 0.505 Thread 0x000000001b207800 Exception <a 'java/lang/ArrayIndexOutOfBoundsException'> (0x00000000d7676dd8) thrown at [C:\re\workspace\8-2-build-windows-amd64-cygwin\jdk8u181\11358\hotspot\src\share\vm\runtime\sharedRuntime.cpp, line 605]
Event: 0.505 Thread 0x000000001b207800 Exception <a 'java/lang/ArrayIndexOutOfBoundsException'> (0x00000000d7678c80) thrown at [C:\re\workspace\8-2-build-windows-amd64-cygwin\jdk8u181\11358\hotspot\src\share\vm\runtime\sharedRuntime.cpp, line 605]
Event: 0.563 Thread 0x000000001b207800 Exception <a 'java/lang/ArrayIndexOutOfBoundsException'> (0x00000000d7a921c8) thrown at [C:\re\workspace\8-2-build-windows-amd64-cygwin\jdk8u181\11358\hotspot\src\share\vm\runtime\sharedRuntime.cpp, line 605]

Events (10 events):
Event: 0.995 loading class com/soft1841/sm/dao/DetailDAO
Event: 0.995 loading class com/soft1841/sm/dao/DetailDAO done
Event: 0.995 loading class com/soft1841/sm/dao/VIPDAO
Event: 0.995 loading class com/soft1841/sm/dao/VIPDAO done
Event: 0.995 loading class com/soft1841/sm/dao/impl/TypeDAOImpl
Event: 0.995 loading class com/soft1841/sm/dao/impl/TypeDAOImpl done
Event: 0.995 loading class com/soft1841/sm/dao/impl/GoodsDAOImpl
Event: 0.995 loading class com/soft1841/sm/dao/impl/GoodsDAOImpl done
Event: 0.997 loading class sun/reflect/BootstrapConstructorAccessorImpl
Event: 0.997 loading class sun/reflect/BootstrapConstructorAccessorImpl done


Dynamic libraries:
0x00007ff6f7150000 - 0x00007ff6f7187000 	C:\Program Files\Java\jdk1.8.0_181\bin\java.exe
0x00007ffcd4280000 - 0x00007ffcd4461000 	C:\WINDOWS\SYSTEM32\ntdll.dll
0x00007ffcd19f0000 - 0x00007ffcd1aa2000 	C:\WINDOWS\System32\KERNEL32.DLL
0x00007ffcd0a90000 - 0x00007ffcd0d03000 	C:\WINDOWS\System32\KERNELBASE.dll
0x00007ffcd1870000 - 0x00007ffcd1911000 	C:\WINDOWS\System32\ADVAPI32.dll
0x00007ffcd1fe0000 - 0x00007ffcd207e000 	C:\WINDOWS\System32\msvcrt.dll
0x00007ffcd3f30000 - 0x00007ffcd3f8b000 	C:\WINDOWS\System32\sechost.dll
0x00007ffcd2950000 - 0x00007ffcd2a74000 	C:\WINDOWS\System32\RPCRT4.dll
0x00007ffcd3f90000 - 0x00007ffcd4120000 	C:\WINDOWS\System32\USER32.dll
0x00007ffcd1550000 - 0x00007ffcd1570000 	C:\WINDOWS\System32\win32u.dll
0x00007ffcd1920000 - 0x00007ffcd1948000 	C:\WINDOWS\System32\GDI32.dll
0x00007ffcd06b0000 - 0x00007ffcd0842000 	C:\WINDOWS\System32\gdi32full.dll
0x00007ffcd1670000 - 0x00007ffcd170f000 	C:\WINDOWS\System32\msvcp_win.dll
0x00007ffcd1570000 - 0x00007ffcd166a000 	C:\WINDOWS\System32\ucrtbase.dll
0x00007ffcc2cf0000 - 0x00007ffcc2f59000 	C:\WINDOWS\WinSxS\amd64_microsoft.windows.common-controls_6595b64144ccf1df_6.0.17134.472_none_fb3f9af53068156d\COMCTL32.dll
0x00007ffcd25c0000 - 0x00007ffcd28e2000 	C:\WINDOWS\System32\combase.dll
0x00007ffcd0dc0000 - 0x00007ffcd0e3a000 	C:\WINDOWS\System32\bcryptPrimitives.dll
0x00007ffcd1fb0000 - 0x00007ffcd1fdd000 	C:\WINDOWS\System32\IMM32.DLL
0x0000000058a60000 - 0x0000000058b32000 	C:\Program Files\Java\jdk1.8.0_181\jre\bin\msvcr100.dll
0x00000000581b0000 - 0x0000000058a52000 	C:\Program Files\Java\jdk1.8.0_181\jre\bin\server\jvm.dll
0x00007ffcd1cc0000 - 0x00007ffcd1cc8000 	C:\WINDOWS\System32\PSAPI.DLL
0x00007ffcbd240000 - 0x00007ffcbd249000 	C:\WINDOWS\SYSTEM32\WSOCK32.dll
0x00007ffcc9590000 - 0x00007ffcc959a000 	C:\WINDOWS\SYSTEM32\VERSION.dll
0x00007ffcd2a80000 - 0x00007ffcd2aec000 	C:\WINDOWS\System32\WS2_32.dll
0x00007ffcce050000 - 0x00007ffcce073000 	C:\WINDOWS\SYSTEM32\WINMM.dll
0x00007ffccdbe0000 - 0x00007ffccdc0a000 	C:\WINDOWS\SYSTEM32\winmmbase.dll
0x00007ffcd0a40000 - 0x00007ffcd0a89000 	C:\WINDOWS\System32\cfgmgr32.dll
0x00000000581a0000 - 0x00000000581af000 	C:\Program Files\Java\jdk1.8.0_181\jre\bin\verify.dll
0x0000000058170000 - 0x0000000058199000 	C:\Program Files\Java\jdk1.8.0_181\jre\bin\java.dll
0x0000000058120000 - 0x0000000058143000 	C:\Program Files\Java\jdk1.8.0_181\jre\bin\instrument.dll
0x0000000058150000 - 0x0000000058166000 	C:\Program Files\Java\jdk1.8.0_181\jre\bin\zip.dll
0x00007ffcd2af0000 - 0x00007ffcd3f30000 	C:\WINDOWS\System32\SHELL32.dll
0x00007ffcd4120000 - 0x00007ffcd41c9000 	C:\WINDOWS\System32\shcore.dll
0x00007ffcd0e40000 - 0x00007ffcd154d000 	C:\WINDOWS\System32\windows.storage.dll
0x00007ffcd1f30000 - 0x00007ffcd1f81000 	C:\WINDOWS\System32\shlwapi.dll
0x00007ffcd0590000 - 0x00007ffcd05a1000 	C:\WINDOWS\System32\kernel.appcore.dll
0x00007ffcd05d0000 - 0x00007ffcd05ef000 	C:\WINDOWS\System32\profapi.dll
0x00007ffcd05f0000 - 0x00007ffcd063c000 	C:\WINDOWS\System32\powrprof.dll
0x00007ffcd0640000 - 0x00007ffcd064a000 	C:\WINDOWS\System32\FLTLIB.DLL
0x00007ffcb7bb0000 - 0x00007ffcb7bca000 	F:\IntelliJ IDEA 2018.2.5\bin\breakgen64.dll
0x0000000058010000 - 0x000000005802a000 	C:\Program Files\Java\jdk1.8.0_181\jre\bin\net.dll
0x00007ffccfe10000 - 0x00007ffccfe76000 	C:\WINDOWS\system32\mswsock.dll
0x0000000001520000 - 0x0000000001523000 	C:\Program Files\Java\jdk1.8.0_181\jre\bin\api-ms-win-core-console-l1-1-0.dll
0x0000000003220000 - 0x0000000003223000 	C:\Program Files\Java\jdk1.8.0_181\jre\bin\api-ms-win-core-datetime-l1-1-0.dll
0x0000000003230000 - 0x0000000003233000 	C:\Program Files\Java\jdk1.8.0_181\jre\bin\api-ms-win-core-debug-l1-1-0.dll
0x0000000003240000 - 0x0000000003243000 	C:\Program Files\Java\jdk1.8.0_181\jre\bin\api-ms-win-core-errorhandling-l1-1-0.dll
0x0000000003250000 - 0x0000000003254000 	C:\Program Files\Java\jdk1.8.0_181\jre\bin\api-ms-win-core-file-l1-1-0.dll
0x0000000003260000 - 0x0000000003263000 	C:\Program Files\Java\jdk1.8.0_181\jre\bin\api-ms-win-core-file-l1-2-0.dll
0x000000001b7d0000 - 0x000000001b7d3000 	C:\Program Files\Java\jdk1.8.0_181\jre\bin\api-ms-win-core-file-l2-1-0.dll
0x000000001b7e0000 - 0x000000001b7e3000 	C:\Program Files\Java\jdk1.8.0_181\jre\bin\api-ms-win-core-handle-l1-1-0.dll
0x000000001b7f0000 - 0x000000001b7f3000 	C:\Program Files\Java\jdk1.8.0_181\jre\bin\api-ms-win-core-heap-l1-1-0.dll
0x000000001b800000 - 0x000000001b803000 	C:\Program Files\Java\jdk1.8.0_181\jre\bin\api-ms-win-core-interlocked-l1-1-0.dll
0x000000001b810000 - 0x000000001b813000 	C:\Program Files\Java\jdk1.8.0_181\jre\bin\api-ms-win-core-libraryloader-l1-1-0.dll
0x000000001b820000 - 0x000000001b823000 	C:\Program Files\Java\jdk1.8.0_181\jre\bin\api-ms-win-core-localization-l1-2-0.dll
0x000000001b830000 - 0x000000001b833000 	C:\Program Files\Java\jdk1.8.0_181\jre\bin\api-ms-win-core-memory-l1-1-0.dll
0x000000001b840000 - 0x000000001b843000 	C:\Program Files\Java\jdk1.8.0_181\jre\bin\api-ms-win-core-namedpipe-l1-1-0.dll
0x000000001b850000 - 0x000000001b853000 	C:\Program Files\Java\jdk1.8.0_181\jre\bin\api-ms-win-core-processenvironment-l1-1-0.dll
0x000000001b860000 - 0x000000001b863000 	C:\Program Files\Java\jdk1.8.0_181\jre\bin\api-ms-win-core-processthreads-l1-1-0.dll
0x000000001b870000 - 0x000000001b873000 	C:\Program Files\Java\jdk1.8.0_181\jre\bin\api-ms-win-core-processthreads-l1-1-1.dll
0x000000001b880000 - 0x000000001b883000 	C:\Program Files\Java\jdk1.8.0_181\jre\bin\api-ms-win-core-profile-l1-1-0.dll
0x000000001b890000 - 0x000000001b893000 	C:\Program Files\Java\jdk1.8.0_181\jre\bin\api-ms-win-core-rtlsupport-l1-1-0.dll
0x000000001b8a0000 - 0x000000001b8a3000 	C:\Program Files\Java\jdk1.8.0_181\jre\bin\api-ms-win-core-string-l1-1-0.dll
0x000000001b8b0000 - 0x000000001b8b3000 	C:\Program Files\Java\jdk1.8.0_181\jre\bin\api-ms-win-core-synch-l1-1-0.dll
0x000000001b8c0000 - 0x000000001b8c3000 	C:\Program Files\Java\jdk1.8.0_181\jre\bin\api-ms-win-core-synch-l1-2-0.dll
0x000000001b8d0000 - 0x000000001b8d3000 	C:\Program Files\Java\jdk1.8.0_181\jre\bin\api-ms-win-core-sysinfo-l1-1-0.dll
0x000000001b8e0000 - 0x000000001b8e3000 	C:\Program Files\Java\jdk1.8.0_181\jre\bin\api-ms-win-core-timezone-l1-1-0.dll
0x000000001b8f0000 - 0x000000001b8f3000 	C:\Program Files\Java\jdk1.8.0_181\jre\bin\api-ms-win-core-util-l1-1-0.dll
0x000000001b900000 - 0x000000001b903000 	C:\Program Files\Java\jdk1.8.0_181\jre\bin\api-ms-win-crt-conio-l1-1-0.dll
0x000000001b910000 - 0x000000001b914000 	C:\Program Files\Java\jdk1.8.0_181\jre\bin\api-ms-win-crt-convert-l1-1-0.dll
0x000000001b920000 - 0x000000001b923000 	C:\Program Files\Java\jdk1.8.0_181\jre\bin\api-ms-win-crt-environment-l1-1-0.dll
0x000000001b930000 - 0x000000001b933000 	C:\Program Files\Java\jdk1.8.0_181\jre\bin\api-ms-win-crt-filesystem-l1-1-0.dll
0x000000001b940000 - 0x000000001b943000 	C:\Program Files\Java\jdk1.8.0_181\jre\bin\api-ms-win-crt-heap-l1-1-0.dll
0x000000001b950000 - 0x000000001b953000 	C:\Program Files\Java\jdk1.8.0_181\jre\bin\api-ms-win-crt-locale-l1-1-0.dll
0x000000001b960000 - 0x000000001b965000 	C:\Program Files\Java\jdk1.8.0_181\jre\bin\api-ms-win-crt-math-l1-1-0.dll
0x000000001b970000 - 0x000000001b975000 	C:\Program Files\Java\jdk1.8.0_181\jre\bin\api-ms-win-crt-multibyte-l1-1-0.dll
0x000000001b980000 - 0x000000001b990000 	C:\Program Files\Java\jdk1.8.0_181\jre\bin\api-ms-win-crt-private-l1-1-0.dll
0x000000001b990000 - 0x000000001b993000 	C:\Program Files\Java\jdk1.8.0_181\jre\bin\api-ms-win-crt-process-l1-1-0.dll
0x000000001b9a0000 - 0x000000001b9a4000 	C:\Program Files\Java\jdk1.8.0_181\jre\bin\api-ms-win-crt-runtime-l1-1-0.dll
0x000000001b9b0000 - 0x000000001b9b4000 	C:\Program Files\Java\jdk1.8.0_181\jre\bin\api-ms-win-crt-stdio-l1-1-0.dll
0x000000001b9c0000 - 0x000000001b9c4000 	C:\Program Files\Java\jdk1.8.0_181\jre\bin\api-ms-win-crt-string-l1-1-0.dll
0x000000001b9d0000 - 0x000000001b9d3000 	C:\Program Files\Java\jdk1.8.0_181\jre\bin\api-ms-win-crt-time-l1-1-0.dll
0x000000001b9e0000 - 0x000000001b9e3000 	C:\Program Files\Java\jdk1.8.0_181\jre\bin\api-ms-win-crt-utility-l1-1-0.dll
0x00007ffcb6920000 - 0x00007ffcb6a16000 	C:\Program Files\Java\jdk1.8.0_181\jre\bin\ucrtbase.dll
0x00007ffcb77b0000 - 0x00007ffcb77c6000 	C:\Program Files\Java\jdk1.8.0_181\jre\bin\vcruntime140.dll
0x00007ffcb66e0000 - 0x00007ffcb677c000 	C:\Program Files\Java\jdk1.8.0_181\jre\bin\msvcp140.dll
0x00007ffcb6f20000 - 0x00007ffcb6f71000 	C:\Program Files\Java\jdk1.8.0_181\jre\bin\concrt140.dll
0x0000000057fc0000 - 0x0000000057fe3000 	C:\Program Files\Java\jdk1.8.0_181\jre\bin\prism_d3d.dll
0x00007ffcc8b30000 - 0x00007ffcc8cc7000 	C:\WINDOWS\system32\d3d9.dll
0x00007ffcce9b0000 - 0x00007ffcce9d9000 	C:\WINDOWS\SYSTEM32\dwmapi.dll
0x00007ffcce730000 - 0x00007ffcce7c8000 	C:\WINDOWS\system32\uxtheme.dll
0x00007ffcb6f80000 - 0x00007ffcb7163000 	C:\WINDOWS\System32\DriverStore\FileRepository\igdlh64.inf_amd64_e2a368790e2879c5\igdumdim64.dll
0x00007ffc95140000 - 0x00007ffc98225000 	C:\WINDOWS\System32\DriverStore\FileRepository\igdlh64.inf_amd64_e2a368790e2879c5\igd9dxva64.dll
0x00007ffcd1710000 - 0x00007ffcd1861000 	C:\WINDOWS\System32\ole32.dll
0x00007ffcd1ce0000 - 0x00007ffcd1da2000 	C:\WINDOWS\System32\OLEAUT32.dll
0x0000000057f70000 - 0x0000000057fb9000 	C:\Program Files\Java\jdk1.8.0_181\jre\bin\glass.dll
0x00007ffcd2080000 - 0x00007ffcd216d000 	C:\WINDOWS\System32\COMDLG32.dll
0x00007ffcd1db0000 - 0x00007ffcd1f23000 	C:\WINDOWS\System32\MSCTF.dll
0x00007ffcc3b00000 - 0x00007ffcc58a0000 	C:\WINDOWS\System32\DriverStore\FileRepository\igdlh64.inf_amd64_e2a368790e2879c5\igc64.dll
0x0000000057f50000 - 0x0000000057f64000 	C:\Program Files\Java\jdk1.8.0_181\jre\bin\javafx_font.dll

VM Arguments:
jvm_args: -javaagent:F:\IntelliJ IDEA 2018.2.5\lib\idea_rt.jar=59340:F:\IntelliJ IDEA 2018.2.5\bin -Dfile.encoding=UTF-8 
java_command: com.soft1841.sm.AdminMainAPP
java_class_path (initial): C:\Program Files\Java\jdk1.8.0_181\jre\lib\charsets.jar;C:\Program Files\Java\jdk1.8.0_181\jre\lib\deploy.jar;C:\Program Files\Java\jdk1.8.0_181\jre\lib\ext\access-bridge-64.jar;C:\Program Files\Java\jdk1.8.0_181\jre\lib\ext\cldrdata.jar;C:\Program Files\Java\jdk1.8.0_181\jre\lib\ext\dnsns.jar;C:\Program Files\Java\jdk1.8.0_181\jre\lib\ext\jaccess.jar;C:\Program Files\Java\jdk1.8.0_181\jre\lib\ext\jfxrt.jar;C:\Program Files\Java\jdk1.8.0_181\jre\lib\ext\localedata.jar;C:\Program Files\Java\jdk1.8.0_181\jre\lib\ext\nashorn.jar;C:\Program Files\Java\jdk1.8.0_181\jre\lib\ext\sunec.jar;C:\Program Files\Java\jdk1.8.0_181\jre\lib\ext\sunjce_provider.jar;C:\Program Files\Java\jdk1.8.0_181\jre\lib\ext\sunmscapi.jar;C:\Program Files\Java\jdk1.8.0_181\jre\lib\ext\sunpkcs11.jar;C:\Program Files\Java\jdk1.8.0_181\jre\lib\ext\zipfs.jar;C:\Program Files\Java\jdk1.8.0_181\jre\lib\javaws.jar;C:\Program Files\Java\jdk1.8.0_181\jre\lib\jce.jar;C:\Program Files\Java\jdk1.8.0_181\jre\lib\jfr.jar;C:\Program Files\Java\jdk1.8.0_181\jre\lib\jfxswt.jar;C:\Program Files\Java\jdk1.8.0_181\jre\lib\jsse.jar;C:\Program Files\Java\jdk1.8.0_181\jre\lib\management-agent.jar;C:\Program Files\Java\jdk1.8.0_181\jre\lib\plugin.jar;C:\Program Files\Java\jdk1.8.0_181\jre\lib\resources.jar;C:\Program Files\Java\jdk1.8.0_181\jre\lib\rt.jar;E:\shixun\target\classes;C:\Users\asus\.m2\repository\cn\hutool\hutool-all\4.2.1\hutool-all-4.2.1.jar;C:\Users\asus\.m2\repository\mysql\mysql-connector-java\5.1.38\mysql-connector-java-5.1.38.jar;C:\Users\asus\.m2\repository\org\apache\poi\poi-ooxml\3.17\poi-ooxml-3.17.jar;C:\Users\asus\.m2\repository\org\apache\poi\poi\3.17\poi-3.17.jar;C:\Users\asus\.m2\repository\commons-codec\commons-codec\1.10\commons-codec-1.10.jar;C:\Users\asus\.m2\repository\org\apache\commons\commons-collections4\4.1\commons-collections4-4.1.jar;C:\Users\asus\.m2\repository\org\apache\poi\poi-ooxml-schemas\3.17\poi-ooxml-schemas-3.17.jar;C:\Users\asus\.m2\repositor
Launcher Type: SUN_STANDARD

Environment Variables:
PATH=C:\Program Files (x86)\Common Files\Oracle\Java\javapath;C:\Program Files (x86)\Intel\Intel(R) Management Engine Components\iCLS\;C:\Program Files\Intel\Intel(R) Management Engine Components\iCLS\;C:\Windows\system32;C:\Windows;C:\Windows\System32\Wbem;C:\Windows\System32\WindowsPowerShell\v1.0\;C:\Program Files (x86)\Intel\Intel(R) Management Engine Components\DAL;C:\Program Files\Intel\Intel(R) Management Engine Components\DAL;C:\Program Files (x86)\Intel\Intel(R) Management Engine Components\IPT;C:\Program Files\Intel\Intel(R) Management Engine Components\IPT;C:\Program Files\Intel\WiFi\bin\;C:\Program Files\Common Files\Intel\WirelessCommon\;C:\Program Files (x86)\NVIDIA Corporation\PhysX\Common;C:\Program Files\Java\jdk1.8.0_181\bin;C:\WINDOWS\system32;C:\WINDOWS;C:\WINDOWS\System32\Wbem;C:\WINDOWS\System32\WindowsPowerShell\v1.0\;C:\WINDOWS\System32\OpenSSH\;C:\Program Files\Java\jdk1.8.0_181\bin;C:\Program Files (x86)\Microsoft SQL Server\100\Tools\Binn\;C:\Program Files\Microsoft SQL Server\100\Tools\Binn\;C:\Program Files\Microsoft SQL Server\100\DTS\Binn\;C:\Program Files (x86)\Microsoft SQL Server\100\Tools\Binn\VSShell\Common7\IDE\;C:\Program Files (x86)\Microsoft Visual Studio 9.0\Common7\IDE\PrivateAssemblies\;C:\Program Files (x86)\Microsoft SQL Server\100\DTS\Binn\;C:\Program Files (x86)\MySQL\MySQL Utilities 1.6\;C:\Program Files\Git\cmd;C:\Program Files\Git\bin;C:\Users\asus\AppData\Local\Programs\Python\Python37-32\Scripts\;C:\Users\asus\AppData\Local\Programs\Python\Python37-32\;C:\Users\asus\AppData\Local\Microsoft\WindowsApps;
USERNAME=asus
OS=Windows_NT
PROCESSOR_IDENTIFIER=Intel64 Family 6 Model 158 Stepping 10, GenuineIntel



---------------  S Y S T E M  ---------------

OS: Windows 10.0 , 64 bit Build 17134 (10.0.17134.1)

CPU:total 8 (initial active 8) (4 cores per cpu, 2 threads per core) family 6 model 158 stepping 10, cmov, cx8, fxsr, mmx, sse, sse2, sse3, ssse3, sse4.1, sse4.2, popcnt, avx, avx2, aes, clmul, erms, 3dnowpref, lzcnt, ht, tsc, tscinvbit, bmi1, bmi2, adx

Memory: 4k page, physical 8240828k(509328k free), swap 23628848k(231220k free)

vm_info: Java HotSpot(TM) 64-Bit Server VM (25.181-b13) for windows-amd64 JRE (1.8.0_181-b13), built on Jul  7 2018 04:01:33 by "java_re" with MS VC++ 10.0 (VS2010)

time: Tue Jan 01 08:01:28 2019
elapsed time: 1 seconds (0d 0h 0m 1s)

