#
# There is insufficient memory for the Java Runtime Environment to continue.
# Native memory allocation (malloc) failed to allocate 1048576 bytes for AllocateHeap
# Possible reasons:
#   The system is out of physical RAM or swap space
#   In 32 bit mode, the process size limit was hit
# Possible solutions:
#   Reduce memory load on the system
#   Increase physical memory or swap space
#   Check if swap backing store is full
#   Use 64 bit Java on a 64 bit OS
#   Decrease Java heap size (-Xmx/-Xms)
#   Decrease number of Java threads
#   Decrease Java thread stack sizes (-Xss)
#   Set larger code cache with -XX:ReservedCodeCacheSize=
# This output file may be truncated or incomplete.
#
#  Out of Memory Error (memory/allocation.inline.hpp:61), pid=19036, tid=0x0000000000002c10
#
# JRE version:  (8.0_181-b13) (build )
# Java VM: Java HotSpot(TM) 64-Bit Server VM (25.181-b13 mixed mode windows-amd64 compressed oops)
# Failed to write core dump. Minidumps are not enabled by default on client versions of Windows
#

---------------  T H R E A D  ---------------

Current thread (0x0000000003594000):  JavaThread "Unknown thread" [_thread_in_vm, id=11280, stack(0x0000000002f90000,0x0000000003090000)]

Stack: [0x0000000002f90000,0x0000000003090000]
[error occurred during error reporting (printing stack bounds), id 0xc0000005]

Native frames: (J=compiled Java code, j=interpreted, Vv=VM code, C=native code)


---------------  P R O C E S S  ---------------

Java Threads: ( => current thread )

Other Threads:

=>0x0000000003594000 (exited) JavaThread "Unknown thread" [_thread_in_vm, id=11280, stack(0x0000000002f90000,0x0000000003090000)]

VM state:not at safepoint (normal execution)

VM Mutex/Monitor currently owned by a thread: None

Heap:
 PSYoungGen      total 37888K, used 655K [0x00000000d6180000, 0x00000000d8b80000, 0x0000000100000000)
  eden space 32768K, 2% used [0x00000000d6180000,0x00000000d6223d80,0x00000000d8180000)
  from space 5120K, 0% used [0x00000000d8680000,0x00000000d8680000,0x00000000d8b80000)
  to   space 5120K, 0% used [0x00000000d8180000,0x00000000d8180000,0x00000000d8680000)
 ParOldGen       total 86016K, used 0K [0x0000000082400000, 0x0000000087800000, 0x00000000d6180000)
  object space 86016K, 0% used [0x0000000082400000,0x0000000082400000,0x0000000087800000)
 Metaspace       used 775K, capacity 4480K, committed 4480K, reserved 1056768K
  class space    used 76K, capacity 384K, committed 384K, reserved 1048576K

Card table byte_map: [0x0000000012a50000,0x0000000012e40000] byte_map_base: 0x000000001263e000

Marking Bits: (ParMarkBitMap*) 0x00000000589d2d00
 Begin Bits: [0x00000000138e0000, 0x0000000015850000)
 End Bits:   [0x0000000015850000, 0x00000000177c0000)

Polling page: 0x0000000001360000

CodeCache: size=245760Kb used=328Kb max_used=328Kb free=245431Kb
 bounds [0x0000000003690000, 0x0000000003900000, 0x0000000012690000]
 total_blobs=58 nmethods=0 adapters=38
 compilation: enabled

Compilation events (0 events):
No events

GC Heap History (0 events):
No events

Deoptimization events (0 events):
No events

Classes redefined (0 events):
No events

Internal exceptions (0 events):
No events

Events (10 events):
Event: 0.038 loading class java/lang/Short
Event: 0.038 loading class java/lang/Short done
Event: 0.038 loading class java/lang/Integer
Event: 0.038 loading class java/lang/Integer done
Event: 0.038 loading class java/lang/Long
Event: 0.038 loading class java/lang/Long done
Event: 0.040 loading class java/lang/NullPointerException
Event: 0.040 loading class java/lang/NullPointerException done
Event: 0.040 loading class java/lang/ArithmeticException
Event: 0.040 loading class java/lang/ArithmeticException done


Dynamic libraries:
0x00007ff6f7150000 - 0x00007ff6f7187000 	C:\Program Files\Java\jdk1.8.0_181\bin\java.exe
0x00007ffcd4280000 - 0x00007ffcd4461000 	C:\WINDOWS\SYSTEM32\ntdll.dll
0x00007ffcd19f0000 - 0x00007ffcd1aa2000 	C:\WINDOWS\System32\KERNEL32.DLL
0x00007ffcd0a90000 - 0x00007ffcd0d03000 	C:\WINDOWS\System32\KERNELBASE.dll
0x00007ffcd1870000 - 0x00007ffcd1911000 	C:\WINDOWS\System32\ADVAPI32.dll
0x00007ffcd1fe0000 - 0x00007ffcd207e000 	C:\WINDOWS\System32\msvcrt.dll
0x00007ffcd3f30000 - 0x00007ffcd3f8b000 	C:\WINDOWS\System32\sechost.dll
0x00007ffcd2950000 - 0x00007ffcd2a74000 	C:\WINDOWS\System32\RPCRT4.dll
0x00007ffcd3f90000 - 0x00007ffcd4120000 	C:\WINDOWS\System32\USER32.dll
0x00007ffcd1550000 - 0x00007ffcd1570000 	C:\WINDOWS\System32\win32u.dll
0x00007ffcd1920000 - 0x00007ffcd1948000 	C:\WINDOWS\System32\GDI32.dll
0x00007ffcd06b0000 - 0x00007ffcd0842000 	C:\WINDOWS\System32\gdi32full.dll
0x00007ffcd1670000 - 0x00007ffcd170f000 	C:\WINDOWS\System32\msvcp_win.dll
0x00007ffcd1570000 - 0x00007ffcd166a000 	C:\WINDOWS\System32\ucrtbase.dll
0x00007ffcc2cf0000 - 0x00007ffcc2f59000 	C:\WINDOWS\WinSxS\amd64_microsoft.windows.common-controls_6595b64144ccf1df_6.0.17134.472_none_fb3f9af53068156d\COMCTL32.dll
0x00007ffcd25c0000 - 0x00007ffcd28e2000 	C:\WINDOWS\System32\combase.dll
0x00007ffcd0dc0000 - 0x00007ffcd0e3a000 	C:\WINDOWS\System32\bcryptPrimitives.dll
0x00007ffcd1fb0000 - 0x00007ffcd1fdd000 	C:\WINDOWS\System32\IMM32.DLL
0x0000000058a60000 - 0x0000000058b32000 	C:\Program Files\Java\jdk1.8.0_181\jre\bin\msvcr100.dll
0x00000000581b0000 - 0x0000000058a52000 	C:\Program Files\Java\jdk1.8.0_181\jre\bin\server\jvm.dll
0x00007ffcd1cc0000 - 0x00007ffcd1cc8000 	C:\WINDOWS\System32\PSAPI.DLL
0x00007ffcbd240000 - 0x00007ffcbd249000 	C:\WINDOWS\SYSTEM32\WSOCK32.dll
0x00007ffcce050000 - 0x00007ffcce073000 	C:\WINDOWS\SYSTEM32\WINMM.dll
0x00007ffcc9590000 - 0x00007ffcc959a000 	C:\WINDOWS\SYSTEM32\VERSION.dll
0x00007ffcd2a80000 - 0x00007ffcd2aec000 	C:\WINDOWS\System32\WS2_32.dll
0x00007ffccdbe0000 - 0x00007ffccdc0a000 	C:\WINDOWS\SYSTEM32\WINMMBASE.dll
0x00007ffcd0a40000 - 0x00007ffcd0a89000 	C:\WINDOWS\System32\cfgmgr32.dll
0x00000000581a0000 - 0x00000000581af000 	C:\Program Files\Java\jdk1.8.0_181\jre\bin\verify.dll
0x0000000058170000 - 0x0000000058199000 	C:\Program Files\Java\jdk1.8.0_181\jre\bin\java.dll
0x0000000058120000 - 0x0000000058143000 	C:\Program Files\Java\jdk1.8.0_181\jre\bin\instrument.dll
0x0000000058150000 - 0x0000000058166000 	C:\Program Files\Java\jdk1.8.0_181\jre\bin\zip.dll

VM Arguments:
jvm_args: -javaagent:F:\IntelliJ IDEA 2018.2.5\lib\idea_rt.jar=59417:F:\IntelliJ IDEA 2018.2.5\bin -Dfile.encoding=UTF-8 
java_command: com.soft1841.sm.AdminMainAPP
java_class_path (initial): C:\Program Files\Java\jdk1.8.0_181\jre\lib\charsets.jar;C:\Program Files\Java\jdk1.8.0_181\jre\lib\deploy.jar;C:\Program Files\Java\jdk1.8.0_181\jre\lib\ext\access-bridge-64.jar;C:\Program Files\Java\jdk1.8.0_181\jre\lib\ext\cldrdata.jar;C:\Program Files\Java\jdk1.8.0_181\jre\lib\ext\dnsns.jar;C:\Program Files\Java\jdk1.8.0_181\jre\lib\ext\jaccess.jar;C:\Program Files\Java\jdk1.8.0_181\jre\lib\ext\jfxrt.jar;C:\Program Files\Java\jdk1.8.0_181\jre\lib\ext\localedata.jar;C:\Program Files\Java\jdk1.8.0_181\jre\lib\ext\nashorn.jar;C:\Program Files\Java\jdk1.8.0_181\jre\lib\ext\sunec.jar;C:\Program Files\Java\jdk1.8.0_181\jre\lib\ext\sunjce_provider.jar;C:\Program Files\Java\jdk1.8.0_181\jre\lib\ext\sunmscapi.jar;C:\Program Files\Java\jdk1.8.0_181\jre\lib\ext\sunpkcs11.jar;C:\Program Files\Java\jdk1.8.0_181\jre\lib\ext\zipfs.jar;C:\Program Files\Java\jdk1.8.0_181\jre\lib\javaws.jar;C:\Program Files\Java\jdk1.8.0_181\jre\lib\jce.jar;C:\Program Files\Java\jdk1.8.0_181\jre\lib\jfr.jar;C:\Program Files\Java\jdk1.8.0_181\jre\lib\jfxswt.jar;C:\Program Files\Java\jdk1.8.0_181\jre\lib\jsse.jar;C:\Program Files\Java\jdk1.8.0_181\jre\lib\management-agent.jar;C:\Program Files\Java\jdk1.8.0_181\jre\lib\plugin.jar;C:\Program Files\Java\jdk1.8.0_181\jre\lib\resources.jar;C:\Program Files\Java\jdk1.8.0_181\jre\lib\rt.jar;E:\shixun\target\classes;C:\Users\asus\.m2\repository\cn\hutool\hutool-all\4.2.1\hutool-all-4.2.1.jar;C:\Users\asus\.m2\repository\mysql\mysql-connector-java\5.1.38\mysql-connector-java-5.1.38.jar;C:\Users\asus\.m2\repository\org\apache\poi\poi-ooxml\3.17\poi-ooxml-3.17.jar;C:\Users\asus\.m2\repository\org\apache\poi\poi\3.17\poi-3.17.jar;C:\Users\asus\.m2\repository\commons-codec\commons-codec\1.10\commons-codec-1.10.jar;C:\Users\asus\.m2\repository\org\apache\commons\commons-collections4\4.1\commons-collections4-4.1.jar;C:\Users\asus\.m2\repository\org\apache\poi\poi-ooxml-schemas\3.17\poi-ooxml-schemas-3.17.jar;C:\Users\asus\.m2\repositor
Launcher Type: SUN_STANDARD

Environment Variables:
PATH=C:\Program Files (x86)\Common Files\Oracle\Java\javapath;C:\Program Files (x86)\Intel\Intel(R) Management Engine Components\iCLS\;C:\Program Files\Intel\Intel(R) Management Engine Components\iCLS\;C:\Windows\system32;C:\Windows;C:\Windows\System32\Wbem;C:\Windows\System32\WindowsPowerShell\v1.0\;C:\Program Files (x86)\Intel\Intel(R) Management Engine Components\DAL;C:\Program Files\Intel\Intel(R) Management Engine Components\DAL;C:\Program Files (x86)\Intel\Intel(R) Management Engine Components\IPT;C:\Program Files\Intel\Intel(R) Management Engine Components\IPT;C:\Program Files\Intel\WiFi\bin\;C:\Program Files\Common Files\Intel\WirelessCommon\;C:\Program Files (x86)\NVIDIA Corporation\PhysX\Common;C:\Program Files\Java\jdk1.8.0_181\bin;C:\WINDOWS\system32;C:\WINDOWS;C:\WINDOWS\System32\Wbem;C:\WINDOWS\System32\WindowsPowerShell\v1.0\;C:\WINDOWS\System32\OpenSSH\;C:\Program Files\Java\jdk1.8.0_181\bin;C:\Program Files (x86)\Microsoft SQL Server\100\Tools\Binn\;C:\Program Files\Microsoft SQL Server\100\Tools\Binn\;C:\Program Files\Microsoft SQL Server\100\DTS\Binn\;C:\Program Files (x86)\Microsoft SQL Server\100\Tools\Binn\VSShell\Common7\IDE\;C:\Program Files (x86)\Microsoft Visual Studio 9.0\Common7\IDE\PrivateAssemblies\;C:\Program Files (x86)\Microsoft SQL Server\100\DTS\Binn\;C:\Program Files (x86)\MySQL\MySQL Utilities 1.6\;C:\Program Files\Git\cmd;C:\Program Files\Git\bin;C:\Users\asus\AppData\Local\Programs\Python\Python37-32\Scripts\;C:\Users\asus\AppData\Local\Programs\Python\Python37-32\;C:\Users\asus\AppData\Local\Microsoft\WindowsApps;
USERNAME=asus
OS=Windows_NT
PROCESSOR_IDENTIFIER=Intel64 Family 6 Model 158 Stepping 10, GenuineIntel



---------------  S Y S T E M  ---------------

OS: Windows 10.0 , 64 bit Build 17134 (10.0.17134.1)

CPU:total 8 (initial active 8) (4 cores per cpu, 2 threads per core) family 6 model 158 stepping 10, cmov, cx8, fxsr, mmx, sse, sse2, sse3, ssse3, sse4.1, sse4.2, popcnt, avx, avx2, aes, clmul, erms, 3dnowpref, lzcnt, ht, tsc, tscinvbit, bmi1, bmi2, adx

Memory: 4k page, physical 8240828k(2043268k free), swap 23628848k(5732k free)

vm_info: Java HotSpot(TM) 64-Bit Server VM (25.181-b13) for windows-amd64 JRE (1.8.0_181-b13), built on Jul  7 2018 04:01:33 by "java_re" with MS VC++ 10.0 (VS2010)

time: Tue Jan 01 08:06:02 2019
elapsed time: 0 seconds (0d 0h 0m 0s)

